[0.115s] DEBUG:colcon:Command line arguments: ['/usr/bin/colcon', 'build', '--packages-select', 'lunar_nav']
[0.115s] DEBUG:colcon:Parsed command line arguments: Namespace(log_base=None, log_level=None, verb_name='build', build_base='build', install_base='install', merge_install=False, symlink_install=False, test_result_base=None, continue_on_error=False, executor='parallel', parallel_workers=20, event_handlers=None, ignore_user_meta=False, metas=['./colcon.meta'], base_paths=['.'], packages_ignore=None, packages_ignore_regex=None, paths=None, packages_up_to=None, packages_up_to_regex=None, packages_above=None, packages_above_and_dependencies=None, packages_above_depth=None, packages_select_by_dep=None, packages_skip_by_dep=None, packages_skip_up_to=None, packages_select_build_failed=False, packages_skip_build_finished=False, packages_select_test_failures=False, packages_skip_test_passed=False, packages_select=['lunar_nav'], packages_skip=None, packages_select_regex=None, packages_skip_regex=None, packages_start=None, packages_end=None, allow_overriding=[], cmake_args=None, cmake_target=None, cmake_target_skip_unavailable=False, cmake_clean_cache=False, cmake_clean_first=False, cmake_force_configure=False, ament_cmake_args=None, catkin_cmake_args=None, catkin_skip_building_tests=False, mixin_files=None, mixin=None, verb_parser=<colcon_mixin.mixin.mixin_argument.MixinArgumentDecorator object at 0x7e2d93845540>, verb_extension=<colcon_core.verb.build.BuildVerb object at 0x7e2d939bee90>, main=<bound method BuildVerb.main of <colcon_core.verb.build.BuildVerb object at 0x7e2d939bee90>>, mixin_verb=('build',))
[0.287s] Level 1:colcon.colcon_core.package_discovery:discover_packages(colcon_meta) check parameters
[0.287s] Level 1:colcon.colcon_core.package_discovery:discover_packages(recursive) check parameters
[0.287s] Level 1:colcon.colcon_core.package_discovery:discover_packages(ignore) check parameters
[0.287s] Level 1:colcon.colcon_core.package_discovery:discover_packages(path) check parameters
[0.287s] Level 1:colcon.colcon_core.package_discovery:discover_packages(colcon_meta) discover
[0.287s] Level 1:colcon.colcon_core.package_discovery:discover_packages(recursive) discover
[0.287s] INFO:colcon.colcon_core.package_discovery:Crawling recursively for packages in '/home/pb/Documents/R2'
[0.287s] Level 1:colcon.colcon_core.package_identification:_identify(.) by extensions ['ignore', 'ignore_ament_install']
[0.287s] Level 1:colcon.colcon_core.package_identification:_identify(.) by extension 'ignore'
[0.288s] Level 1:colcon.colcon_core.package_identification:_identify(.) by extension 'ignore_ament_install'
[0.288s] Level 1:colcon.colcon_core.package_identification:_identify(.) by extensions ['colcon_pkg']
[0.288s] Level 1:colcon.colcon_core.package_identification:_identify(.) by extension 'colcon_pkg'
[0.288s] Level 1:colcon.colcon_core.package_identification:_identify(.) by extensions ['colcon_meta']
[0.288s] Level 1:colcon.colcon_core.package_identification:_identify(.) by extension 'colcon_meta'
[0.288s] Level 1:colcon.colcon_core.package_identification:_identify(.) by extensions ['ros']
[0.288s] Level 1:colcon.colcon_core.package_identification:_identify(.) by extension 'ros'
[0.299s] Level 1:colcon.colcon_core.package_identification:_identify(.) by extensions ['cmake', 'python']
[0.299s] Level 1:colcon.colcon_core.package_identification:_identify(.) by extension 'cmake'
[0.300s] Level 1:colcon.colcon_core.package_identification:_identify(.) by extension 'python'
[0.300s] Level 1:colcon.colcon_core.package_identification:_identify(.) by extensions ['python_setup_py']
[0.300s] Level 1:colcon.colcon_core.package_identification:_identify(.) by extension 'python_setup_py'
[0.300s] Level 1:colcon.colcon_core.package_identification:_identify(build) by extensions ['ignore', 'ignore_ament_install']
[0.300s] Level 1:colcon.colcon_core.package_identification:_identify(build) by extension 'ignore'
[0.300s] Level 1:colcon.colcon_core.package_identification:_identify(build) ignored
[0.300s] Level 1:colcon.colcon_core.package_identification:_identify(install) by extensions ['ignore', 'ignore_ament_install']
[0.300s] Level 1:colcon.colcon_core.package_identification:_identify(install) by extension 'ignore'
[0.300s] Level 1:colcon.colcon_core.package_identification:_identify(install) ignored
[0.300s] Level 1:colcon.colcon_core.package_identification:_identify(log) by extensions ['ignore', 'ignore_ament_install']
[0.300s] Level 1:colcon.colcon_core.package_identification:_identify(log) by extension 'ignore'
[0.301s] Level 1:colcon.colcon_core.package_identification:_identify(log) ignored
[0.301s] Level 1:colcon.colcon_core.package_identification:_identify(src) by extensions ['ignore', 'ignore_ament_install']
[0.301s] Level 1:colcon.colcon_core.package_identification:_identify(src) by extension 'ignore'
[0.301s] Level 1:colcon.colcon_core.package_identification:_identify(src) by extension 'ignore_ament_install'
[0.301s] Level 1:colcon.colcon_core.package_identification:_identify(src) by extensions ['colcon_pkg']
[0.301s] Level 1:colcon.colcon_core.package_identification:_identify(src) by extension 'colcon_pkg'
[0.301s] Level 1:colcon.colcon_core.package_identification:_identify(src) by extensions ['colcon_meta']
[0.301s] Level 1:colcon.colcon_core.package_identification:_identify(src) by extension 'colcon_meta'
[0.301s] Level 1:colcon.colcon_core.package_identification:_identify(src) by extensions ['ros']
[0.301s] Level 1:colcon.colcon_core.package_identification:_identify(src) by extension 'ros'
[0.301s] Level 1:colcon.colcon_core.package_identification:_identify(src) by extensions ['cmake', 'python']
[0.301s] Level 1:colcon.colcon_core.package_identification:_identify(src) by extension 'cmake'
[0.301s] Level 1:colcon.colcon_core.package_identification:_identify(src) by extension 'python'
[0.301s] Level 1:colcon.colcon_core.package_identification:_identify(src) by extensions ['python_setup_py']
[0.301s] Level 1:colcon.colcon_core.package_identification:_identify(src) by extension 'python_setup_py'
[0.301s] Level 1:colcon.colcon_core.package_identification:_identify(src/lunar_nav) by extensions ['ignore', 'ignore_ament_install']
[0.301s] Level 1:colcon.colcon_core.package_identification:_identify(src/lunar_nav) by extension 'ignore'
[0.302s] Level 1:colcon.colcon_core.package_identification:_identify(src/lunar_nav) by extension 'ignore_ament_install'
[0.302s] Level 1:colcon.colcon_core.package_identification:_identify(src/lunar_nav) by extensions ['colcon_pkg']
[0.302s] Level 1:colcon.colcon_core.package_identification:_identify(src/lunar_nav) by extension 'colcon_pkg'
[0.302s] Level 1:colcon.colcon_core.package_identification:_identify(src/lunar_nav) by extensions ['colcon_meta']
[0.302s] Level 1:colcon.colcon_core.package_identification:_identify(src/lunar_nav) by extension 'colcon_meta'
[0.302s] Level 1:colcon.colcon_core.package_identification:_identify(src/lunar_nav) by extensions ['ros']
[0.302s] Level 1:colcon.colcon_core.package_identification:_identify(src/lunar_nav) by extension 'ros'
[0.305s] DEBUG:colcon.colcon_core.package_identification:Package 'src/lunar_nav' with type 'ros.ament_cmake' and name 'lunar_nav'
[0.305s] Level 1:colcon.colcon_core.package_discovery:discover_packages(recursive) using defaults
[0.305s] Level 1:colcon.colcon_core.package_discovery:discover_packages(ignore) discover
[0.305s] Level 1:colcon.colcon_core.package_discovery:discover_packages(ignore) using defaults
[0.305s] Level 1:colcon.colcon_core.package_discovery:discover_packages(path) discover
[0.305s] Level 1:colcon.colcon_core.package_discovery:discover_packages(path) using defaults
[0.332s] Level 1:colcon.colcon_core.package_discovery:discover_packages(prefix_path) check parameters
[0.332s] Level 1:colcon.colcon_core.package_discovery:discover_packages(prefix_path) discover
[0.334s] DEBUG:colcon.colcon_installed_package_information.package_discovery:Found 1 installed packages in /home/pb/Documents/R2/install
[0.335s] DEBUG:colcon.colcon_installed_package_information.package_discovery:Found 280 installed packages in /opt/ros/humble
[0.337s] Level 1:colcon.colcon_core.package_discovery:discover_packages(prefix_path) using defaults
[0.377s] Level 5:colcon.colcon_core.verb:set package 'lunar_nav' build argument 'cmake_args' from command line to 'None'
[0.377s] Level 5:colcon.colcon_core.verb:set package 'lunar_nav' build argument 'cmake_target' from command line to 'None'
[0.377s] Level 5:colcon.colcon_core.verb:set package 'lunar_nav' build argument 'cmake_target_skip_unavailable' from command line to 'False'
[0.377s] Level 5:colcon.colcon_core.verb:set package 'lunar_nav' build argument 'cmake_clean_cache' from command line to 'False'
[0.377s] Level 5:colcon.colcon_core.verb:set package 'lunar_nav' build argument 'cmake_clean_first' from command line to 'False'
[0.377s] Level 5:colcon.colcon_core.verb:set package 'lunar_nav' build argument 'cmake_force_configure' from command line to 'False'
[0.377s] Level 5:colcon.colcon_core.verb:set package 'lunar_nav' build argument 'ament_cmake_args' from command line to 'None'
[0.377s] Level 5:colcon.colcon_core.verb:set package 'lunar_nav' build argument 'catkin_cmake_args' from command line to 'None'
[0.377s] Level 5:colcon.colcon_core.verb:set package 'lunar_nav' build argument 'catkin_skip_building_tests' from command line to 'False'
[0.377s] DEBUG:colcon.colcon_core.verb:Building package 'lunar_nav' with the following arguments: {'ament_cmake_args': None, 'build_base': '/home/pb/Documents/R2/build/lunar_nav', 'catkin_cmake_args': None, 'catkin_skip_building_tests': False, 'cmake_args': None, 'cmake_clean_cache': False, 'cmake_clean_first': False, 'cmake_force_configure': False, 'cmake_target': None, 'cmake_target_skip_unavailable': False, 'install_base': '/home/pb/Documents/R2/install/lunar_nav', 'merge_install': False, 'path': '/home/pb/Documents/R2/src/lunar_nav', 'symlink_install': False, 'test_result_base': None}
[0.377s] INFO:colcon.colcon_core.executor:Executing jobs using 'parallel' executor
[0.378s] DEBUG:colcon.colcon_parallel_executor.executor.parallel:run_until_complete
[0.379s] INFO:colcon.colcon_ros.task.ament_cmake.build:Building ROS package in '/home/pb/Documents/R2/src/lunar_nav' with build type 'ament_cmake'
[0.379s] INFO:colcon.colcon_cmake.task.cmake.build:Building CMake package in '/home/pb/Documents/R2/src/lunar_nav'
[0.381s] INFO:colcon.colcon_core.plugin_system:Skipping extension 'colcon_core.shell.bat': Not used on non-Windows systems
[0.381s] INFO:colcon.colcon_core.shell:Skip shell extension 'powershell' for command environment: Not usable outside of PowerShell
[0.381s] DEBUG:colcon.colcon_core.shell:Skip shell extension 'dsv' for command environment
[0.388s] DEBUG:colcon.colcon_core.event_handler.log_command:Invoking command in '/home/pb/Documents/R2/build/lunar_nav': CMAKE_PREFIX_PATH=${CMAKE_PREFIX_PATH}:/opt/ros/humble /usr/bin/cmake --build /home/pb/Documents/R2/build/lunar_nav -- -j20 -l20
[2.005s] DEBUG:colcon.colcon_core.event_handler.log_command:Invoked command in '/home/pb/Documents/R2/build/lunar_nav' returned '0': CMAKE_PREFIX_PATH=${CMAKE_PREFIX_PATH}:/opt/ros/humble /usr/bin/cmake --build /home/pb/Documents/R2/build/lunar_nav -- -j20 -l20
[2.014s] DEBUG:colcon.colcon_core.event_handler.log_command:Invoking command in '/home/pb/Documents/R2/build/lunar_nav': CMAKE_PREFIX_PATH=${CMAKE_PREFIX_PATH}:/opt/ros/humble /usr/bin/cmake --install /home/pb/Documents/R2/build/lunar_nav
[2.071s] Level 1:colcon.colcon_core.environment:create_environment_scripts_only(lunar_nav)
[2.072s] DEBUG:colcon.colcon_core.event_handler.log_command:Invoked command in '/home/pb/Documents/R2/build/lunar_nav' returned '0': CMAKE_PREFIX_PATH=${CMAKE_PREFIX_PATH}:/opt/ros/humble /usr/bin/cmake --install /home/pb/Documents/R2/build/lunar_nav
[2.074s] Level 1:colcon.colcon_core.environment:checking '/home/pb/Documents/R2/install/lunar_nav' for CMake module files
[2.075s] Level 1:colcon.colcon_core.environment:checking '/home/pb/Documents/R2/install/lunar_nav' for CMake config files
[2.075s] Level 1:colcon.colcon_core.shell:create_environment_hook('lunar_nav', 'cmake_prefix_path')
[2.076s] INFO:colcon.colcon_core.shell:Creating environment hook '/home/pb/Documents/R2/install/lunar_nav/share/lunar_nav/hook/cmake_prefix_path.ps1'
[2.076s] INFO:colcon.colcon_core.shell:Creating environment descriptor '/home/pb/Documents/R2/install/lunar_nav/share/lunar_nav/hook/cmake_prefix_path.dsv'
[2.077s] INFO:colcon.colcon_core.shell:Creating environment hook '/home/pb/Documents/R2/install/lunar_nav/share/lunar_nav/hook/cmake_prefix_path.sh'
[2.078s] Level 1:colcon.colcon_core.environment:checking '/home/pb/Documents/R2/install/lunar_nav/lib'
[2.078s] Level 1:colcon.colcon_core.shell:create_environment_hook('lunar_nav', 'ld_library_path_lib')
[2.078s] INFO:colcon.colcon_core.shell:Creating environment hook '/home/pb/Documents/R2/install/lunar_nav/share/lunar_nav/hook/ld_library_path_lib.ps1'
[2.079s] INFO:colcon.colcon_core.shell:Creating environment descriptor '/home/pb/Documents/R2/install/lunar_nav/share/lunar_nav/hook/ld_library_path_lib.dsv'
[2.079s] INFO:colcon.colcon_core.shell:Creating environment hook '/home/pb/Documents/R2/install/lunar_nav/share/lunar_nav/hook/ld_library_path_lib.sh'
[2.079s] Level 1:colcon.colcon_core.environment:checking '/home/pb/Documents/R2/install/lunar_nav/bin'
[2.079s] Level 1:colcon.colcon_core.environment:checking '/home/pb/Documents/R2/install/lunar_nav/lib/pkgconfig/lunar_nav.pc'
[2.080s] Level 1:colcon.colcon_core.environment:checking '/home/pb/Documents/R2/install/lunar_nav/lib/python3.10/site-packages'
[2.080s] Level 1:colcon.colcon_core.environment:checking '/home/pb/Documents/R2/install/lunar_nav/bin'
[2.080s] INFO:colcon.colcon_core.shell:Creating package script '/home/pb/Documents/R2/install/lunar_nav/share/lunar_nav/package.ps1'
[2.081s] INFO:colcon.colcon_core.shell:Creating package descriptor '/home/pb/Documents/R2/install/lunar_nav/share/lunar_nav/package.dsv'
[2.082s] INFO:colcon.colcon_core.shell:Creating package script '/home/pb/Documents/R2/install/lunar_nav/share/lunar_nav/package.sh'
[2.083s] INFO:colcon.colcon_core.shell:Creating package script '/home/pb/Documents/R2/install/lunar_nav/share/lunar_nav/package.bash'
[2.084s] INFO:colcon.colcon_core.shell:Creating package script '/home/pb/Documents/R2/install/lunar_nav/share/lunar_nav/package.zsh'
[2.084s] Level 1:colcon.colcon_core.environment:create_file_with_runtime_dependencies(/home/pb/Documents/R2/install/lunar_nav/share/colcon-core/packages/lunar_nav)
[2.085s] Level 1:colcon.colcon_core.environment:create_environment_scripts_only(lunar_nav)
[2.085s] Level 1:colcon.colcon_core.environment:checking '/home/pb/Documents/R2/install/lunar_nav' for CMake module files
[2.086s] Level 1:colcon.colcon_core.environment:checking '/home/pb/Documents/R2/install/lunar_nav' for CMake config files
[2.087s] Level 1:colcon.colcon_core.shell:create_environment_hook('lunar_nav', 'cmake_prefix_path')
[2.087s] INFO:colcon.colcon_core.shell:Creating environment hook '/home/pb/Documents/R2/install/lunar_nav/share/lunar_nav/hook/cmake_prefix_path.ps1'
[2.087s] INFO:colcon.colcon_core.shell:Creating environment descriptor '/home/pb/Documents/R2/install/lunar_nav/share/lunar_nav/hook/cmake_prefix_path.dsv'
[2.088s] INFO:colcon.colcon_core.shell:Creating environment hook '/home/pb/Documents/R2/install/lunar_nav/share/lunar_nav/hook/cmake_prefix_path.sh'
[2.088s] Level 1:colcon.colcon_core.environment:checking '/home/pb/Documents/R2/install/lunar_nav/lib'
[2.088s] Level 1:colcon.colcon_core.shell:create_environment_hook('lunar_nav', 'ld_library_path_lib')
[2.089s] INFO:colcon.colcon_core.shell:Creating environment hook '/home/pb/Documents/R2/install/lunar_nav/share/lunar_nav/hook/ld_library_path_lib.ps1'
[2.089s] INFO:colcon.colcon_core.shell:Creating environment descriptor '/home/pb/Documents/R2/install/lunar_nav/share/lunar_nav/hook/ld_library_path_lib.dsv'
[2.089s] INFO:colcon.colcon_core.shell:Creating environment hook '/home/pb/Documents/R2/install/lunar_nav/share/lunar_nav/hook/ld_library_path_lib.sh'
[2.090s] Level 1:colcon.colcon_core.environment:checking '/home/pb/Documents/R2/install/lunar_nav/bin'
[2.090s] Level 1:colcon.colcon_core.environment:checking '/home/pb/Documents/R2/install/lunar_nav/lib/pkgconfig/lunar_nav.pc'
[2.090s] Level 1:colcon.colcon_core.environment:checking '/home/pb/Documents/R2/install/lunar_nav/lib/python3.10/site-packages'
[2.091s] Level 1:colcon.colcon_core.environment:checking '/home/pb/Documents/R2/install/lunar_nav/bin'
[2.091s] INFO:colcon.colcon_core.shell:Creating package script '/home/pb/Documents/R2/install/lunar_nav/share/lunar_nav/package.ps1'
[2.092s] INFO:colcon.colcon_core.shell:Creating package descriptor '/home/pb/Documents/R2/install/lunar_nav/share/lunar_nav/package.dsv'
[2.093s] INFO:colcon.colcon_core.shell:Creating package script '/home/pb/Documents/R2/install/lunar_nav/share/lunar_nav/package.sh'
[2.093s] INFO:colcon.colcon_core.shell:Creating package script '/home/pb/Documents/R2/install/lunar_nav/share/lunar_nav/package.bash'
[2.094s] INFO:colcon.colcon_core.shell:Creating package script '/home/pb/Documents/R2/install/lunar_nav/share/lunar_nav/package.zsh'
[2.098s] Level 1:colcon.colcon_core.environment:create_file_with_runtime_dependencies(/home/pb/Documents/R2/install/lunar_nav/share/colcon-core/packages/lunar_nav)
[2.099s] DEBUG:colcon.colcon_parallel_executor.executor.parallel:closing loop
[2.099s] DEBUG:colcon.colcon_parallel_executor.executor.parallel:loop closed
[2.099s] DEBUG:colcon.colcon_parallel_executor.executor.parallel:run_until_complete finished with '0'
[2.099s] DEBUG:colcon.colcon_core.event_reactor:joining thread
[2.107s] INFO:colcon.colcon_core.plugin_system:Skipping extension 'colcon_notification.desktop_notification.terminal_notifier': Not used on non-Darwin systems
[2.108s] INFO:colcon.colcon_core.plugin_system:Skipping extension 'colcon_notification.desktop_notification.win32': Not used on non-Windows systems
[2.108s] INFO:colcon.colcon_notification.desktop_notification:Sending desktop notification using 'notify2'
[2.119s] DEBUG:colcon.colcon_core.event_reactor:joined thread
[2.119s] INFO:colcon.colcon_core.shell:Creating prefix script '/home/pb/Documents/R2/install/local_setup.ps1'
[2.120s] INFO:colcon.colcon_core.shell:Creating prefix util module '/home/pb/Documents/R2/install/_local_setup_util_ps1.py'
[2.122s] INFO:colcon.colcon_core.shell:Creating prefix chain script '/home/pb/Documents/R2/install/setup.ps1'
[2.123s] INFO:colcon.colcon_core.shell:Creating prefix script '/home/pb/Documents/R2/install/local_setup.sh'
[2.123s] INFO:colcon.colcon_core.shell:Creating prefix util module '/home/pb/Documents/R2/install/_local_setup_util_sh.py'
[2.124s] INFO:colcon.colcon_core.shell:Creating prefix chain script '/home/pb/Documents/R2/install/setup.sh'
[2.125s] INFO:colcon.colcon_core.shell:Creating prefix script '/home/pb/Documents/R2/install/local_setup.bash'
[2.126s] INFO:colcon.colcon_core.shell:Creating prefix chain script '/home/pb/Documents/R2/install/setup.bash'
[2.127s] INFO:colcon.colcon_core.shell:Creating prefix script '/home/pb/Documents/R2/install/local_setup.zsh'
[2.127s] INFO:colcon.colcon_core.shell:Creating prefix chain script '/home/pb/Documents/R2/install/setup.zsh'
