[0.008s] Invoking command in '/home/pb/Documents/R2/build/lunar_nav': CMAKE_PREFIX_PATH=${CMAKE_PREFIX_PATH}:/opt/ros/humble /usr/bin/cmake /home/pb/Documents/R2/src/lunar_nav -DCMAKE_INSTALL_PREFIX=/home/pb/Documents/R2/install/lunar_nav
[0.054s] -- The C compiler identification is GNU 11.4.0
[0.104s] -- The CXX compiler identification is GNU 11.4.0
[0.110s] -- Detecting C compiler ABI info
[0.167s] -- Detecting C compiler ABI info - done
[0.174s] -- Check for working C compiler: /usr/bin/cc - skipped
[0.174s] -- Detecting C compile features
[0.175s] -- Detecting C compile features - done
[0.177s] -- Detecting CXX compiler ABI info
[0.246s] -- Detecting CXX compiler ABI info - done
[0.251s] -- Check for working CXX compiler: /usr/bin/c++ - skipped
[0.251s] -- Detecting CXX compile features
[0.251s] -- Detecting CXX compile features - done
[0.253s] -- Found ament_cmake: 1.3.12 (/opt/ros/humble/share/ament_cmake/cmake)
[0.383s] -- Found Python3: /usr/bin/python3 (found version "3.10.12") found components: Interpreter 
[0.455s] -- Found rosidl_default_generators: 1.2.0 (/opt/ros/humble/share/rosidl_default_generators/cmake)
[0.457s] -- Using all available rosidl_typesupport_c: rosidl_typesupport_fastrtps_c;rosidl_typesupport_introspection_c
[0.462s] -- Found rosidl_adapter: 3.1.7 (/opt/ros/humble/share/rosidl_adapter/cmake)
[0.494s] -- Using all available rosidl_typesupport_cpp: rosidl_typesupport_fastrtps_cpp;rosidl_typesupport_introspection_cpp
[0.522s] -- Found std_msgs: 4.9.0 (/opt/ros/humble/share/std_msgs/cmake)
[0.544s] -- Found geometry_msgs: 4.9.0 (/opt/ros/humble/share/geometry_msgs/cmake)
[0.817s] -- Found ament_cmake_ros: 0.10.0 (/opt/ros/humble/share/ament_cmake_ros/cmake)
[1.051s] -- Using all available rosidl_typesupport_c: rosidl_typesupport_fastrtps_c;rosidl_typesupport_introspection_c
[1.355s] -- Using all available rosidl_typesupport_cpp: rosidl_typesupport_fastrtps_cpp;rosidl_typesupport_introspection_cpp
[1.374s] -- Found PythonInterp: /usr/bin/python3 (found suitable version "3.10.12", minimum required is "3.6") 
[1.375s] -- Found python_cmake_module: 0.10.0 (/opt/ros/humble/share/python_cmake_module/cmake)
[1.397s] -- Found PythonLibs: /usr/lib/x86_64-linux-gnu/libpython3.10.so (found suitable version "3.10.12", minimum required is "3.5") 
[1.397s] -- Using PYTHON_EXECUTABLE: /usr/bin/python3
[1.397s] -- Using PYTHON_INCLUDE_DIRS: /usr/include/python3.10
[1.397s] -- Using PYTHON_LIBRARIES: /usr/lib/x86_64-linux-gnu/libpython3.10.so
[1.416s] -- Found PythonExtra: .so  
[1.476s] -- Configuring done
[1.505s] -- Generating done
[1.516s] -- Build files have been written to: /home/pb/Documents/R2/build/lunar_nav
[1.521s] Invoked command in '/home/pb/Documents/R2/build/lunar_nav' returned '0': CMAKE_PREFIX_PATH=${CMAKE_PREFIX_PATH}:/opt/ros/humble /usr/bin/cmake /home/pb/Documents/R2/src/lunar_nav -DCMAKE_INSTALL_PREFIX=/home/pb/Documents/R2/install/lunar_nav
[1.523s] Invoking command in '/home/pb/Documents/R2/build/lunar_nav': CMAKE_PREFIX_PATH=${CMAKE_PREFIX_PATH}:/opt/ros/humble /usr/bin/cmake --build /home/pb/Documents/R2/build/lunar_nav -- -j20 -l20
[1.554s] [  2%] [34m[1mGenerating C code for ROS interfaces[0m
[1.562s] [  5%] [34m[1mGenerating C++ code for ROS interfaces[0m
[1.569s] [  5%] Built target ament_cmake_python_copy_lunar_nav
[1.735s] running egg_info
[1.736s] creating lunar_nav.egg-info
[1.736s] writing lunar_nav.egg-info/PKG-INFO
[1.736s] writing dependency_links to lunar_nav.egg-info/dependency_links.txt
[1.736s] writing top-level names to lunar_nav.egg-info/top_level.txt
[1.736s] writing manifest file 'lunar_nav.egg-info/SOURCES.txt'
[1.737s] reading manifest file 'lunar_nav.egg-info/SOURCES.txt'
[1.737s] writing manifest file 'lunar_nav.egg-info/SOURCES.txt'
[1.756s] [  5%] Built target ament_cmake_python_build_lunar_nav_egg
[1.826s] [  5%] Built target lunar_nav__cpp
[1.833s] [  7%] [32mBuilding C object CMakeFiles/lunar_nav__rosidl_generator_c.dir/rosidl_generator_c/lunar_nav/msg/detail/crater_array__functions.c.o[0m
[1.835s] [ 10%] [32mBuilding C object CMakeFiles/lunar_nav__rosidl_generator_c.dir/rosidl_generator_c/lunar_nav/msg/detail/crater__functions.c.o[0m
[1.835s] [ 15%] [34m[1mGenerating C++ type support dispatch for ROS interfaces[0m
[1.835s] [ 15%] [34m[1mGenerating C++ type support for eProsima Fast-RTPS[0m
[1.835s] [ 17%] [34m[1mGenerating C++ introspection for ROS interfaces[0m
[1.863s] [ 20%] [32m[1mLinking C shared library liblunar_nav__rosidl_generator_c.so[0m
[1.898s] [ 20%] Built target lunar_nav__rosidl_generator_c
[1.904s] [ 25%] [34m[1mGenerating C type support dispatch for ROS interfaces[0m
[1.904s] [ 25%] [34m[1mGenerating C introspection for ROS interfaces[0m
[1.906s] [ 28%] [34m[1mGenerating C type support for eProsima Fast-RTPS[0m
[2.003s] [ 33%] [32mBuilding CXX object CMakeFiles/lunar_nav__rosidl_typesupport_cpp.dir/rosidl_typesupport_cpp/lunar_nav/msg/crater_array__type_support.cpp.o[0m
[2.003s] [ 33%] [32mBuilding CXX object CMakeFiles/lunar_nav__rosidl_typesupport_cpp.dir/rosidl_typesupport_cpp/lunar_nav/msg/crater__type_support.cpp.o[0m
[2.050s] [ 35%] [32mBuilding CXX object CMakeFiles/lunar_nav__rosidl_typesupport_c.dir/rosidl_typesupport_c/lunar_nav/msg/crater_array__type_support.cpp.o[0m
[2.051s] [ 38%] [32mBuilding CXX object CMakeFiles/lunar_nav__rosidl_typesupport_c.dir/rosidl_typesupport_c/lunar_nav/msg/crater__type_support.cpp.o[0m
[2.064s] [ 41%] [32mBuilding C object CMakeFiles/lunar_nav__rosidl_typesupport_introspection_c.dir/rosidl_typesupport_introspection_c/lunar_nav/msg/detail/crater_array__type_support.c.o[0m
[2.066s] [ 43%] [32mBuilding C object CMakeFiles/lunar_nav__rosidl_typesupport_introspection_c.dir/rosidl_typesupport_introspection_c/lunar_nav/msg/detail/crater__type_support.c.o[0m
[2.067s] [ 46%] [32m[1mLinking CXX shared library liblunar_nav__rosidl_typesupport_c.so[0m
[2.086s] [ 48%] [32mBuilding CXX object CMakeFiles/lunar_nav__rosidl_typesupport_introspection_cpp.dir/rosidl_typesupport_introspection_cpp/lunar_nav/msg/detail/crater_array__type_support.cpp.o[0m
[2.087s] [ 51%] [32mBuilding CXX object CMakeFiles/lunar_nav__rosidl_typesupport_introspection_cpp.dir/rosidl_typesupport_introspection_cpp/lunar_nav/msg/detail/crater__type_support.cpp.o[0m
[2.092s] [ 53%] [32m[1mLinking C shared library liblunar_nav__rosidl_typesupport_introspection_c.so[0m
[2.092s] [ 53%] Built target lunar_nav__rosidl_typesupport_c
[2.104s] [ 56%] [32mBuilding CXX object CMakeFiles/lunar_nav__rosidl_typesupport_fastrtps_cpp.dir/rosidl_typesupport_fastrtps_cpp/lunar_nav/msg/detail/dds_fastrtps/crater_array__type_support.cpp.o[0m
[2.106s] [ 58%] [32mBuilding CXX object CMakeFiles/lunar_nav__rosidl_typesupport_fastrtps_cpp.dir/rosidl_typesupport_fastrtps_cpp/lunar_nav/msg/detail/dds_fastrtps/crater__type_support.cpp.o[0m
[2.110s] [ 58%] Built target lunar_nav__rosidl_typesupport_introspection_c
[2.154s] [ 61%] [32m[1mLinking CXX shared library liblunar_nav__rosidl_typesupport_cpp.so[0m
[2.171s] [ 66%] [32mBuilding CXX object CMakeFiles/lunar_nav__rosidl_typesupport_fastrtps_c.dir/rosidl_typesupport_fastrtps_c/lunar_nav/msg/detail/crater__type_support_c.cpp.o[0m
[2.172s] [ 66%] [32mBuilding CXX object CMakeFiles/lunar_nav__rosidl_typesupport_fastrtps_c.dir/rosidl_typesupport_fastrtps_c/lunar_nav/msg/detail/crater_array__type_support_c.cpp.o[0m
[2.187s] [ 66%] Built target lunar_nav__rosidl_typesupport_cpp
[2.406s] [ 69%] [32m[1mLinking CXX shared library liblunar_nav__rosidl_typesupport_fastrtps_cpp.so[0m
[2.426s] [ 71%] [32m[1mLinking CXX shared library liblunar_nav__rosidl_typesupport_introspection_cpp.so[0m
[2.454s] [ 71%] Built target lunar_nav__rosidl_typesupport_fastrtps_cpp
[2.476s] [ 74%] [32m[1mLinking CXX shared library liblunar_nav__rosidl_typesupport_fastrtps_c.so[0m
[2.487s] [ 74%] Built target lunar_nav__rosidl_typesupport_introspection_cpp
[2.538s] [ 74%] Built target lunar_nav__rosidl_typesupport_fastrtps_c
[2.553s] [ 74%] Built target lunar_nav
[2.568s] [ 76%] [34m[1mGenerating Python code for ROS interfaces[0m
[2.910s] [ 76%] Built target lunar_nav__py
[2.926s] [ 82%] [32mBuilding C object CMakeFiles/lunar_nav__rosidl_generator_py.dir/rosidl_generator_py/lunar_nav/msg/_crater_s.c.o[0m
[2.926s] [ 82%] [32mBuilding C object CMakeFiles/lunar_nav__rosidl_generator_py.dir/rosidl_generator_py/lunar_nav/msg/_crater_array_s.c.o[0m
[3.015s] [ 84%] [32m[1mLinking C shared library rosidl_generator_py/lunar_nav/liblunar_nav__rosidl_generator_py.so[0m
[3.050s] [ 84%] Built target lunar_nav__rosidl_generator_py
[3.067s] [ 92%] [32mBuilding C object CMakeFiles/lunar_nav__rosidl_typesupport_c__pyext.dir/rosidl_generator_py/lunar_nav/_lunar_nav_s.ep.rosidl_typesupport_c.c.o[0m
[3.067s] [ 92%] [32mBuilding C object CMakeFiles/lunar_nav__rosidl_typesupport_introspection_c__pyext.dir/rosidl_generator_py/lunar_nav/_lunar_nav_s.ep.rosidl_typesupport_introspection_c.c.o[0m
[3.067s] [ 92%] [32mBuilding C object CMakeFiles/lunar_nav__rosidl_typesupport_fastrtps_c__pyext.dir/rosidl_generator_py/lunar_nav/_lunar_nav_s.ep.rosidl_typesupport_fastrtps_c.c.o[0m
[3.154s] [100%] [32m[1mLinking C shared library rosidl_generator_py/lunar_nav/lunar_nav_s__rosidl_typesupport_introspection_c.cpython-310-x86_64-linux-gnu.so[0m
[3.154s] [100%] [32m[1mLinking C shared library rosidl_generator_py/lunar_nav/lunar_nav_s__rosidl_typesupport_fastrtps_c.cpython-310-x86_64-linux-gnu.so[0m
[3.154s] [100%] [32m[1mLinking C shared library rosidl_generator_py/lunar_nav/lunar_nav_s__rosidl_typesupport_c.cpython-310-x86_64-linux-gnu.so[0m
[3.182s] [100%] Built target lunar_nav__rosidl_typesupport_introspection_c__pyext
[3.182s] [100%] Built target lunar_nav__rosidl_typesupport_c__pyext
[3.186s] [100%] Built target lunar_nav__rosidl_typesupport_fastrtps_c__pyext
[3.196s] Invoked command in '/home/pb/Documents/R2/build/lunar_nav' returned '0': CMAKE_PREFIX_PATH=${CMAKE_PREFIX_PATH}:/opt/ros/humble /usr/bin/cmake --build /home/pb/Documents/R2/build/lunar_nav -- -j20 -l20
[3.203s] Invoking command in '/home/pb/Documents/R2/build/lunar_nav': CMAKE_PREFIX_PATH=${CMAKE_PREFIX_PATH}:/opt/ros/humble /usr/bin/cmake --install /home/pb/Documents/R2/build/lunar_nav
[3.210s] -- Install configuration: ""
[3.210s] -- Installing: /home/pb/Documents/R2/install/lunar_nav/local/lib/python3.10/dist-packages/lunar_nav
[3.210s] -- Installing: /home/pb/Documents/R2/install/lunar_nav/local/lib/python3.10/dist-packages/lunar_nav/particle_filter.py
[3.211s] -- Installing: /home/pb/Documents/R2/install/lunar_nav/local/lib/python3.10/dist-packages/lunar_nav/crater_detector.py
[3.211s] -- Installing: /home/pb/Documents/R2/install/lunar_nav/lib/lunar_nav/crater_detector
[3.211s] -- Installing: /home/pb/Documents/R2/install/lunar_nav/lib/lunar_nav/particle_filter
[3.211s] -- Installing: /home/pb/Documents/R2/install/lunar_nav/share/ament_index/resource_index/rosidl_interfaces/lunar_nav
[3.211s] -- Installing: /home/pb/Documents/R2/install/lunar_nav/include/lunar_nav/lunar_nav
[3.211s] -- Installing: /home/pb/Documents/R2/install/lunar_nav/include/lunar_nav/lunar_nav/msg
[3.211s] -- Installing: /home/pb/Documents/R2/install/lunar_nav/include/lunar_nav/lunar_nav/msg/detail
[3.211s] -- Installing: /home/pb/Documents/R2/install/lunar_nav/include/lunar_nav/lunar_nav/msg/detail/crater__functions.c
[3.211s] -- Installing: /home/pb/Documents/R2/install/lunar_nav/include/lunar_nav/lunar_nav/msg/detail/crater_array__struct.h
[3.212s] -- Installing: /home/pb/Documents/R2/install/lunar_nav/include/lunar_nav/lunar_nav/msg/detail/crater__functions.h
[3.212s] -- Installing: /home/pb/Documents/R2/install/lunar_nav/include/lunar_nav/lunar_nav/msg/detail/crater__struct.h
[3.212s] -- Installing: /home/pb/Documents/R2/install/lunar_nav/include/lunar_nav/lunar_nav/msg/detail/crater_array__type_support.h
[3.212s] -- Installing: /home/pb/Documents/R2/install/lunar_nav/include/lunar_nav/lunar_nav/msg/detail/crater__type_support.h
[3.212s] -- Installing: /home/pb/Documents/R2/install/lunar_nav/include/lunar_nav/lunar_nav/msg/detail/crater_array__functions.h
[3.212s] -- Installing: /home/pb/Documents/R2/install/lunar_nav/include/lunar_nav/lunar_nav/msg/detail/crater_array__functions.c
[3.212s] -- Installing: /home/pb/Documents/R2/install/lunar_nav/include/lunar_nav/lunar_nav/msg/rosidl_generator_c__visibility_control.h
[3.212s] -- Installing: /home/pb/Documents/R2/install/lunar_nav/include/lunar_nav/lunar_nav/msg/crater_array.h
[3.212s] -- Installing: /home/pb/Documents/R2/install/lunar_nav/include/lunar_nav/lunar_nav/msg/crater.h
[3.212s] -- Installing: /home/pb/Documents/R2/install/lunar_nav/share/lunar_nav/environment/library_path.sh
[3.212s] -- Installing: /home/pb/Documents/R2/install/lunar_nav/share/lunar_nav/environment/library_path.dsv
[3.212s] -- Installing: /home/pb/Documents/R2/install/lunar_nav/lib/liblunar_nav__rosidl_generator_c.so
[3.213s] -- Set runtime path of "/home/pb/Documents/R2/install/lunar_nav/lib/liblunar_nav__rosidl_generator_c.so" to ""
[3.213s] -- Up-to-date: /home/pb/Documents/R2/install/lunar_nav/include/lunar_nav/lunar_nav
[3.213s] -- Up-to-date: /home/pb/Documents/R2/install/lunar_nav/include/lunar_nav/lunar_nav/msg
[3.213s] -- Up-to-date: /home/pb/Documents/R2/install/lunar_nav/include/lunar_nav/lunar_nav/msg/detail
[3.213s] -- Installing: /home/pb/Documents/R2/install/lunar_nav/include/lunar_nav/lunar_nav/msg/detail/crater__rosidl_typesupport_fastrtps_c.h
[3.213s] -- Installing: /home/pb/Documents/R2/install/lunar_nav/include/lunar_nav/lunar_nav/msg/detail/crater_array__rosidl_typesupport_fastrtps_c.h
[3.213s] -- Installing: /home/pb/Documents/R2/install/lunar_nav/include/lunar_nav/lunar_nav/msg/rosidl_typesupport_fastrtps_c__visibility_control.h
[3.213s] -- Installing: /home/pb/Documents/R2/install/lunar_nav/lib/liblunar_nav__rosidl_typesupport_fastrtps_c.so
[3.214s] -- Set runtime path of "/home/pb/Documents/R2/install/lunar_nav/lib/liblunar_nav__rosidl_typesupport_fastrtps_c.so" to ""
[3.214s] -- Up-to-date: /home/pb/Documents/R2/install/lunar_nav/include/lunar_nav/lunar_nav
[3.214s] -- Up-to-date: /home/pb/Documents/R2/install/lunar_nav/include/lunar_nav/lunar_nav/msg
[3.214s] -- Up-to-date: /home/pb/Documents/R2/install/lunar_nav/include/lunar_nav/lunar_nav/msg/detail
[3.214s] -- Installing: /home/pb/Documents/R2/install/lunar_nav/include/lunar_nav/lunar_nav/msg/detail/crater__rosidl_typesupport_introspection_c.h
[3.214s] -- Installing: /home/pb/Documents/R2/install/lunar_nav/include/lunar_nav/lunar_nav/msg/detail/crater_array__type_support.c
[3.214s] -- Installing: /home/pb/Documents/R2/install/lunar_nav/include/lunar_nav/lunar_nav/msg/detail/crater_array__rosidl_typesupport_introspection_c.h
[3.214s] -- Installing: /home/pb/Documents/R2/install/lunar_nav/include/lunar_nav/lunar_nav/msg/detail/crater__type_support.c
[3.214s] -- Installing: /home/pb/Documents/R2/install/lunar_nav/include/lunar_nav/lunar_nav/msg/rosidl_typesupport_introspection_c__visibility_control.h
[3.214s] -- Installing: /home/pb/Documents/R2/install/lunar_nav/lib/liblunar_nav__rosidl_typesupport_introspection_c.so
[3.214s] -- Set runtime path of "/home/pb/Documents/R2/install/lunar_nav/lib/liblunar_nav__rosidl_typesupport_introspection_c.so" to ""
[3.214s] -- Installing: /home/pb/Documents/R2/install/lunar_nav/lib/liblunar_nav__rosidl_typesupport_c.so
[3.215s] -- Set runtime path of "/home/pb/Documents/R2/install/lunar_nav/lib/liblunar_nav__rosidl_typesupport_c.so" to ""
[3.215s] -- Up-to-date: /home/pb/Documents/R2/install/lunar_nav/include/lunar_nav/lunar_nav
[3.215s] -- Up-to-date: /home/pb/Documents/R2/install/lunar_nav/include/lunar_nav/lunar_nav/msg
[3.215s] -- Installing: /home/pb/Documents/R2/install/lunar_nav/include/lunar_nav/lunar_nav/msg/crater_array.hpp
[3.215s] -- Up-to-date: /home/pb/Documents/R2/install/lunar_nav/include/lunar_nav/lunar_nav/msg/detail
[3.215s] -- Installing: /home/pb/Documents/R2/install/lunar_nav/include/lunar_nav/lunar_nav/msg/detail/crater__traits.hpp
[3.215s] -- Installing: /home/pb/Documents/R2/install/lunar_nav/include/lunar_nav/lunar_nav/msg/detail/crater__type_support.hpp
[3.215s] -- Installing: /home/pb/Documents/R2/install/lunar_nav/include/lunar_nav/lunar_nav/msg/detail/crater__struct.hpp
[3.215s] -- Installing: /home/pb/Documents/R2/install/lunar_nav/include/lunar_nav/lunar_nav/msg/detail/crater_array__traits.hpp
[3.215s] -- Installing: /home/pb/Documents/R2/install/lunar_nav/include/lunar_nav/lunar_nav/msg/detail/crater_array__struct.hpp
[3.215s] -- Installing: /home/pb/Documents/R2/install/lunar_nav/include/lunar_nav/lunar_nav/msg/detail/crater_array__builder.hpp
[3.215s] -- Installing: /home/pb/Documents/R2/install/lunar_nav/include/lunar_nav/lunar_nav/msg/detail/crater__builder.hpp
[3.215s] -- Installing: /home/pb/Documents/R2/install/lunar_nav/include/lunar_nav/lunar_nav/msg/detail/crater_array__type_support.hpp
[3.216s] -- Installing: /home/pb/Documents/R2/install/lunar_nav/include/lunar_nav/lunar_nav/msg/crater.hpp
[3.216s] -- Installing: /home/pb/Documents/R2/install/lunar_nav/include/lunar_nav/lunar_nav/msg/rosidl_generator_cpp__visibility_control.hpp
[3.216s] -- Up-to-date: /home/pb/Documents/R2/install/lunar_nav/include/lunar_nav/lunar_nav
[3.216s] -- Up-to-date: /home/pb/Documents/R2/install/lunar_nav/include/lunar_nav/lunar_nav/msg
[3.216s] -- Up-to-date: /home/pb/Documents/R2/install/lunar_nav/include/lunar_nav/lunar_nav/msg/detail
[3.216s] -- Installing: /home/pb/Documents/R2/install/lunar_nav/include/lunar_nav/lunar_nav/msg/detail/crater_array__rosidl_typesupport_fastrtps_cpp.hpp
[3.216s] -- Installing: /home/pb/Documents/R2/install/lunar_nav/include/lunar_nav/lunar_nav/msg/detail/crater__rosidl_typesupport_fastrtps_cpp.hpp
[3.216s] -- Installing: /home/pb/Documents/R2/install/lunar_nav/include/lunar_nav/lunar_nav/msg/detail/dds_fastrtps
[3.216s] -- Installing: /home/pb/Documents/R2/install/lunar_nav/include/lunar_nav/lunar_nav/msg/rosidl_typesupport_fastrtps_cpp__visibility_control.h
[3.216s] -- Installing: /home/pb/Documents/R2/install/lunar_nav/lib/liblunar_nav__rosidl_typesupport_fastrtps_cpp.so
[3.217s] -- Set runtime path of "/home/pb/Documents/R2/install/lunar_nav/lib/liblunar_nav__rosidl_typesupport_fastrtps_cpp.so" to ""
[3.217s] -- Up-to-date: /home/pb/Documents/R2/install/lunar_nav/include/lunar_nav/lunar_nav
[3.217s] -- Up-to-date: /home/pb/Documents/R2/install/lunar_nav/include/lunar_nav/lunar_nav/msg
[3.217s] -- Up-to-date: /home/pb/Documents/R2/install/lunar_nav/include/lunar_nav/lunar_nav/msg/detail
[3.217s] -- Installing: /home/pb/Documents/R2/install/lunar_nav/include/lunar_nav/lunar_nav/msg/detail/crater__type_support.cpp
[3.217s] -- Installing: /home/pb/Documents/R2/install/lunar_nav/include/lunar_nav/lunar_nav/msg/detail/crater_array__rosidl_typesupport_introspection_cpp.hpp
[3.217s] -- Installing: /home/pb/Documents/R2/install/lunar_nav/include/lunar_nav/lunar_nav/msg/detail/crater_array__type_support.cpp
[3.217s] -- Installing: /home/pb/Documents/R2/install/lunar_nav/include/lunar_nav/lunar_nav/msg/detail/crater__rosidl_typesupport_introspection_cpp.hpp
[3.217s] -- Installing: /home/pb/Documents/R2/install/lunar_nav/lib/liblunar_nav__rosidl_typesupport_introspection_cpp.so
[3.217s] -- Set runtime path of "/home/pb/Documents/R2/install/lunar_nav/lib/liblunar_nav__rosidl_typesupport_introspection_cpp.so" to ""
[3.217s] -- Installing: /home/pb/Documents/R2/install/lunar_nav/lib/liblunar_nav__rosidl_typesupport_cpp.so
[3.218s] -- Set runtime path of "/home/pb/Documents/R2/install/lunar_nav/lib/liblunar_nav__rosidl_typesupport_cpp.so" to ""
[3.218s] -- Installing: /home/pb/Documents/R2/install/lunar_nav/share/lunar_nav/environment/pythonpath.sh
[3.218s] -- Installing: /home/pb/Documents/R2/install/lunar_nav/share/lunar_nav/environment/pythonpath.dsv
[3.218s] -- Installing: /home/pb/Documents/R2/install/lunar_nav/local/lib/python3.10/dist-packages/lunar_nav-0.0.0-py3.10.egg-info
[3.218s] -- Installing: /home/pb/Documents/R2/install/lunar_nav/local/lib/python3.10/dist-packages/lunar_nav-0.0.0-py3.10.egg-info/dependency_links.txt
[3.218s] -- Installing: /home/pb/Documents/R2/install/lunar_nav/local/lib/python3.10/dist-packages/lunar_nav-0.0.0-py3.10.egg-info/top_level.txt
[3.218s] -- Installing: /home/pb/Documents/R2/install/lunar_nav/local/lib/python3.10/dist-packages/lunar_nav-0.0.0-py3.10.egg-info/PKG-INFO
[3.218s] -- Installing: /home/pb/Documents/R2/install/lunar_nav/local/lib/python3.10/dist-packages/lunar_nav-0.0.0-py3.10.egg-info/SOURCES.txt
[3.218s] -- Up-to-date: /home/pb/Documents/R2/install/lunar_nav/local/lib/python3.10/dist-packages/lunar_nav
[3.218s] -- Installing: /home/pb/Documents/R2/install/lunar_nav/local/lib/python3.10/dist-packages/lunar_nav/lunar_nav_s__rosidl_typesupport_fastrtps_c.cpython-310-x86_64-linux-gnu.so
[3.218s] -- Installing: /home/pb/Documents/R2/install/lunar_nav/local/lib/python3.10/dist-packages/lunar_nav/_lunar_nav_s.ep.rosidl_typesupport_introspection_c.c
[3.219s] -- Installing: /home/pb/Documents/R2/install/lunar_nav/local/lib/python3.10/dist-packages/lunar_nav/_lunar_nav_s.ep.rosidl_typesupport_fastrtps_c.c
[3.219s] -- Installing: /home/pb/Documents/R2/install/lunar_nav/local/lib/python3.10/dist-packages/lunar_nav/__init__.py
[3.219s] -- Installing: /home/pb/Documents/R2/install/lunar_nav/local/lib/python3.10/dist-packages/lunar_nav/lunar_nav_s__rosidl_typesupport_introspection_c.cpython-310-x86_64-linux-gnu.so
[3.219s] -- Installing: /home/pb/Documents/R2/install/lunar_nav/local/lib/python3.10/dist-packages/lunar_nav/msg
[3.219s] -- Installing: /home/pb/Documents/R2/install/lunar_nav/local/lib/python3.10/dist-packages/lunar_nav/msg/__init__.py
[3.219s] -- Installing: /home/pb/Documents/R2/install/lunar_nav/local/lib/python3.10/dist-packages/lunar_nav/msg/_crater_array_s.c
[3.219s] -- Installing: /home/pb/Documents/R2/install/lunar_nav/local/lib/python3.10/dist-packages/lunar_nav/msg/_crater_s.c
[3.219s] -- Installing: /home/pb/Documents/R2/install/lunar_nav/local/lib/python3.10/dist-packages/lunar_nav/msg/_crater.py
[3.219s] -- Installing: /home/pb/Documents/R2/install/lunar_nav/local/lib/python3.10/dist-packages/lunar_nav/msg/_crater_array.py
[3.219s] -- Installing: /home/pb/Documents/R2/install/lunar_nav/local/lib/python3.10/dist-packages/lunar_nav/_lunar_nav_s.ep.rosidl_typesupport_c.c
[3.219s] -- Installing: /home/pb/Documents/R2/install/lunar_nav/local/lib/python3.10/dist-packages/lunar_nav/liblunar_nav__rosidl_generator_py.so
[3.220s] -- Installing: /home/pb/Documents/R2/install/lunar_nav/local/lib/python3.10/dist-packages/lunar_nav/lunar_nav_s__rosidl_typesupport_c.cpython-310-x86_64-linux-gnu.so
[3.252s] Listing '/home/pb/Documents/R2/install/lunar_nav/local/lib/python3.10/dist-packages/lunar_nav'...
[3.252s] Compiling '/home/pb/Documents/R2/install/lunar_nav/local/lib/python3.10/dist-packages/lunar_nav/__init__.py'...
[3.252s] Compiling '/home/pb/Documents/R2/install/lunar_nav/local/lib/python3.10/dist-packages/lunar_nav/crater_detector.py'...
[3.252s] Listing '/home/pb/Documents/R2/install/lunar_nav/local/lib/python3.10/dist-packages/lunar_nav/msg'...
[3.252s] Compiling '/home/pb/Documents/R2/install/lunar_nav/local/lib/python3.10/dist-packages/lunar_nav/msg/__init__.py'...
[3.252s] Compiling '/home/pb/Documents/R2/install/lunar_nav/local/lib/python3.10/dist-packages/lunar_nav/msg/_crater.py'...
[3.252s] Compiling '/home/pb/Documents/R2/install/lunar_nav/local/lib/python3.10/dist-packages/lunar_nav/msg/_crater_array.py'...
[3.252s] Compiling '/home/pb/Documents/R2/install/lunar_nav/local/lib/python3.10/dist-packages/lunar_nav/particle_filter.py'...
[3.257s] -- Installing: /home/pb/Documents/R2/install/lunar_nav/local/lib/python3.10/dist-packages/lunar_nav/lunar_nav_s__rosidl_typesupport_fastrtps_c.cpython-310-x86_64-linux-gnu.so
[3.257s] -- Set runtime path of "/home/pb/Documents/R2/install/lunar_nav/local/lib/python3.10/dist-packages/lunar_nav/lunar_nav_s__rosidl_typesupport_fastrtps_c.cpython-310-x86_64-linux-gnu.so" to ""
[3.257s] -- Installing: /home/pb/Documents/R2/install/lunar_nav/local/lib/python3.10/dist-packages/lunar_nav/lunar_nav_s__rosidl_typesupport_introspection_c.cpython-310-x86_64-linux-gnu.so
[3.257s] -- Set runtime path of "/home/pb/Documents/R2/install/lunar_nav/local/lib/python3.10/dist-packages/lunar_nav/lunar_nav_s__rosidl_typesupport_introspection_c.cpython-310-x86_64-linux-gnu.so" to ""
[3.257s] -- Installing: /home/pb/Documents/R2/install/lunar_nav/local/lib/python3.10/dist-packages/lunar_nav/lunar_nav_s__rosidl_typesupport_c.cpython-310-x86_64-linux-gnu.so
[3.257s] -- Set runtime path of "/home/pb/Documents/R2/install/lunar_nav/local/lib/python3.10/dist-packages/lunar_nav/lunar_nav_s__rosidl_typesupport_c.cpython-310-x86_64-linux-gnu.so" to ""
[3.257s] -- Installing: /home/pb/Documents/R2/install/lunar_nav/lib/liblunar_nav__rosidl_generator_py.so
[3.258s] -- Set runtime path of "/home/pb/Documents/R2/install/lunar_nav/lib/liblunar_nav__rosidl_generator_py.so" to ""
[3.258s] -- Installing: /home/pb/Documents/R2/install/lunar_nav/share/lunar_nav/msg/Crater.idl
[3.258s] -- Installing: /home/pb/Documents/R2/install/lunar_nav/share/lunar_nav/msg/CraterArray.idl
[3.258s] -- Installing: /home/pb/Documents/R2/install/lunar_nav/share/lunar_nav/msg/Crater.msg
[3.258s] -- Installing: /home/pb/Documents/R2/install/lunar_nav/share/lunar_nav/msg/CraterArray.msg
[3.258s] -- Installing: /home/pb/Documents/R2/install/lunar_nav/share/lunar_nav//launch
[3.258s] -- Installing: /home/pb/Documents/R2/install/lunar_nav/share/lunar_nav//launch/crater_navigation.launch.py
[3.258s] -- Installing: /home/pb/Documents/R2/install/lunar_nav/share/lunar_nav//urdf
[3.258s] -- Installing: /home/pb/Documents/R2/install/lunar_nav/share/lunar_nav//urdf/rover.urdf.xacro
[3.258s] -- Installing: /home/pb/Documents/R2/install/lunar_nav/share/lunar_nav//worlds
[3.258s] -- Installing: /home/pb/Documents/R2/install/lunar_nav/share/lunar_nav//worlds/lunar_crater.world
[3.259s] -- Installing: /home/pb/Documents/R2/install/lunar_nav/share/ament_index/resource_index/package_run_dependencies/lunar_nav
[3.259s] -- Installing: /home/pb/Documents/R2/install/lunar_nav/share/ament_index/resource_index/parent_prefix_path/lunar_nav
[3.259s] -- Installing: /home/pb/Documents/R2/install/lunar_nav/share/lunar_nav/environment/ament_prefix_path.sh
[3.259s] -- Installing: /home/pb/Documents/R2/install/lunar_nav/share/lunar_nav/environment/ament_prefix_path.dsv
[3.259s] -- Installing: /home/pb/Documents/R2/install/lunar_nav/share/lunar_nav/environment/path.sh
[3.259s] -- Installing: /home/pb/Documents/R2/install/lunar_nav/share/lunar_nav/environment/path.dsv
[3.259s] -- Installing: /home/pb/Documents/R2/install/lunar_nav/share/lunar_nav/local_setup.bash
[3.259s] -- Installing: /home/pb/Documents/R2/install/lunar_nav/share/lunar_nav/local_setup.sh
[3.259s] -- Installing: /home/pb/Documents/R2/install/lunar_nav/share/lunar_nav/local_setup.zsh
[3.260s] -- Installing: /home/pb/Documents/R2/install/lunar_nav/share/lunar_nav/local_setup.dsv
[3.260s] -- Installing: /home/pb/Documents/R2/install/lunar_nav/share/lunar_nav/package.dsv
[3.260s] -- Installing: /home/pb/Documents/R2/install/lunar_nav/share/ament_index/resource_index/packages/lunar_nav
[3.260s] -- Installing: /home/pb/Documents/R2/install/lunar_nav/share/lunar_nav/cmake/export_lunar_nav__rosidl_generator_cExport.cmake
[3.260s] -- Installing: /home/pb/Documents/R2/install/lunar_nav/share/lunar_nav/cmake/export_lunar_nav__rosidl_generator_cExport-noconfig.cmake
[3.260s] -- Installing: /home/pb/Documents/R2/install/lunar_nav/share/lunar_nav/cmake/export_lunar_nav__rosidl_typesupport_fastrtps_cExport.cmake
[3.260s] -- Installing: /home/pb/Documents/R2/install/lunar_nav/share/lunar_nav/cmake/export_lunar_nav__rosidl_typesupport_fastrtps_cExport-noconfig.cmake
[3.260s] -- Installing: /home/pb/Documents/R2/install/lunar_nav/share/lunar_nav/cmake/lunar_nav__rosidl_typesupport_introspection_cExport.cmake
[3.261s] -- Installing: /home/pb/Documents/R2/install/lunar_nav/share/lunar_nav/cmake/lunar_nav__rosidl_typesupport_introspection_cExport-noconfig.cmake
[3.261s] -- Installing: /home/pb/Documents/R2/install/lunar_nav/share/lunar_nav/cmake/lunar_nav__rosidl_typesupport_cExport.cmake
[3.261s] -- Installing: /home/pb/Documents/R2/install/lunar_nav/share/lunar_nav/cmake/lunar_nav__rosidl_typesupport_cExport-noconfig.cmake
[3.261s] -- Installing: /home/pb/Documents/R2/install/lunar_nav/share/lunar_nav/cmake/export_lunar_nav__rosidl_generator_cppExport.cmake
[3.261s] -- Installing: /home/pb/Documents/R2/install/lunar_nav/share/lunar_nav/cmake/export_lunar_nav__rosidl_typesupport_fastrtps_cppExport.cmake
[3.261s] -- Installing: /home/pb/Documents/R2/install/lunar_nav/share/lunar_nav/cmake/export_lunar_nav__rosidl_typesupport_fastrtps_cppExport-noconfig.cmake
[3.261s] -- Installing: /home/pb/Documents/R2/install/lunar_nav/share/lunar_nav/cmake/lunar_nav__rosidl_typesupport_introspection_cppExport.cmake
[3.261s] -- Installing: /home/pb/Documents/R2/install/lunar_nav/share/lunar_nav/cmake/lunar_nav__rosidl_typesupport_introspection_cppExport-noconfig.cmake
[3.261s] -- Installing: /home/pb/Documents/R2/install/lunar_nav/share/lunar_nav/cmake/lunar_nav__rosidl_typesupport_cppExport.cmake
[3.262s] -- Installing: /home/pb/Documents/R2/install/lunar_nav/share/lunar_nav/cmake/lunar_nav__rosidl_typesupport_cppExport-noconfig.cmake
[3.262s] -- Installing: /home/pb/Documents/R2/install/lunar_nav/share/lunar_nav/cmake/export_lunar_nav__rosidl_generator_pyExport.cmake
[3.262s] -- Installing: /home/pb/Documents/R2/install/lunar_nav/share/lunar_nav/cmake/export_lunar_nav__rosidl_generator_pyExport-noconfig.cmake
[3.262s] -- Installing: /home/pb/Documents/R2/install/lunar_nav/share/lunar_nav/cmake/rosidl_cmake-extras.cmake
[3.262s] -- Installing: /home/pb/Documents/R2/install/lunar_nav/share/lunar_nav/cmake/ament_cmake_export_dependencies-extras.cmake
[3.262s] -- Installing: /home/pb/Documents/R2/install/lunar_nav/share/lunar_nav/cmake/ament_cmake_export_include_directories-extras.cmake
[3.262s] -- Installing: /home/pb/Documents/R2/install/lunar_nav/share/lunar_nav/cmake/ament_cmake_export_libraries-extras.cmake
[3.262s] -- Installing: /home/pb/Documents/R2/install/lunar_nav/share/lunar_nav/cmake/ament_cmake_export_targets-extras.cmake
[3.262s] -- Installing: /home/pb/Documents/R2/install/lunar_nav/share/lunar_nav/cmake/rosidl_cmake_export_typesupport_targets-extras.cmake
[3.263s] -- Installing: /home/pb/Documents/R2/install/lunar_nav/share/lunar_nav/cmake/rosidl_cmake_export_typesupport_libraries-extras.cmake
[3.263s] -- Installing: /home/pb/Documents/R2/install/lunar_nav/share/lunar_nav/cmake/lunar_navConfig.cmake
[3.263s] -- Installing: /home/pb/Documents/R2/install/lunar_nav/share/lunar_nav/cmake/lunar_navConfig-version.cmake
[3.263s] -- Installing: /home/pb/Documents/R2/install/lunar_nav/share/lunar_nav/package.xml
[3.265s] Invoked command in '/home/pb/Documents/R2/build/lunar_nav' returned '0': CMAKE_PREFIX_PATH=${CMAKE_PREFIX_PATH}:/opt/ros/humble /usr/bin/cmake --install /home/pb/Documents/R2/build/lunar_nav
