-- The C compiler identification is GNU 11.4.0
-- The CXX compiler identification is GNU 11.4.0
-- Detecting C compiler ABI info
-- Detecting C compiler ABI info - done
-- Check for working C compiler: /usr/bin/cc - skipped
-- Detecting C compile features
-- Detecting C compile features - done
-- Detecting CXX compiler ABI info
-- Detecting CXX compiler ABI info - done
-- Check for working CXX compiler: /usr/bin/c++ - skipped
-- Detecting CXX compile features
-- Detecting CXX compile features - done
-- Found ament_cmake: 1.3.12 (/opt/ros/humble/share/ament_cmake/cmake)
-- Found Python3: /usr/bin/python3 (found version "3.10.12") found components: Interpreter 
-- Found rosidl_default_generators: 1.2.0 (/opt/ros/humble/share/rosidl_default_generators/cmake)
-- Using all available rosidl_typesupport_c: rosidl_typesupport_fastrtps_c;rosidl_typesupport_introspection_c
-- Found rosidl_adapter: 3.1.7 (/opt/ros/humble/share/rosidl_adapter/cmake)
-- Using all available rosidl_typesupport_cpp: rosidl_typesupport_fastrtps_cpp;rosidl_typesupport_introspection_cpp
-- Found std_msgs: 4.9.0 (/opt/ros/humble/share/std_msgs/cmake)
-- Found geometry_msgs: 4.9.0 (/opt/ros/humble/share/geometry_msgs/cmake)
-- Configuring done
-- Generating done
-- Build files have been written to: /home/pb/Documents/R2/build/lunar_nav
Built target ament_cmake_python_copy_lunar_nav
Built target ament_cmake_python_copy_lunar_nav_setup
running egg_info
creating lunar_nav.egg-info
writing lunar_nav.egg-info/PKG-INFO
writing dependency_links to lunar_nav.egg-info/dependency_links.txt
writing top-level names to lunar_nav.egg-info/top_level.txt
writing manifest file 'lunar_nav.egg-info/SOURCES.txt'
reading manifest file 'lunar_nav.egg-info/SOURCES.txt'
writing manifest file 'lunar_nav.egg-info/SOURCES.txt'
Built target ament_cmake_python_build_lunar_nav_egg
-- Install configuration: ""
-- Installing: /home/pb/Documents/R2/install/lunar_nav/share/lunar_nav/environment/pythonpath.sh
-- Installing: /home/pb/Documents/R2/install/lunar_nav/share/lunar_nav/environment/pythonpath.dsv
-- Installing: /home/pb/Documents/R2/install/lunar_nav/local/lib/python3.10/dist-packages/lunar_nav-0.0.0-py3.10.egg-info
-- Installing: /home/pb/Documents/R2/install/lunar_nav/local/lib/python3.10/dist-packages/lunar_nav-0.0.0-py3.10.egg-info/dependency_links.txt
-- Installing: /home/pb/Documents/R2/install/lunar_nav/local/lib/python3.10/dist-packages/lunar_nav-0.0.0-py3.10.egg-info/top_level.txt
-- Installing: /home/pb/Documents/R2/install/lunar_nav/local/lib/python3.10/dist-packages/lunar_nav-0.0.0-py3.10.egg-info/PKG-INFO
-- Installing: /home/pb/Documents/R2/install/lunar_nav/local/lib/python3.10/dist-packages/lunar_nav-0.0.0-py3.10.egg-info/SOURCES.txt
-- Installing: /home/pb/Documents/R2/install/lunar_nav/local/lib/python3.10/dist-packages/lunar_nav
-- Installing: /home/pb/Documents/R2/install/lunar_nav/local/lib/python3.10/dist-packages/lunar_nav/particle_filter.py
-- Installing: /home/pb/Documents/R2/install/lunar_nav/local/lib/python3.10/dist-packages/lunar_nav/crater_detector.py
-- Installing: /home/pb/Documents/R2/install/lunar_nav/local/lib/python3.10/dist-packages/lunar_nav/__init__.py
Listing '/home/pb/Documents/R2/install/lunar_nav/local/lib/python3.10/dist-packages/lunar_nav'...
Compiling '/home/pb/Documents/R2/install/lunar_nav/local/lib/python3.10/dist-packages/lunar_nav/__init__.py'...
Compiling '/home/pb/Documents/R2/install/lunar_nav/local/lib/python3.10/dist-packages/lunar_nav/crater_detector.py'...
Compiling '/home/pb/Documents/R2/install/lunar_nav/local/lib/python3.10/dist-packages/lunar_nav/particle_filter.py'...
-- Installing: /home/pb/Documents/R2/install/lunar_nav/share/lunar_nav//launch
-- Installing: /home/pb/Documents/R2/install/lunar_nav/share/lunar_nav//launch/crater_navigation.launch.py
-- Installing: /home/pb/Documents/R2/install/lunar_nav/share/lunar_nav//urdf
-- Installing: /home/pb/Documents/R2/install/lunar_nav/share/lunar_nav//urdf/rover.urdf.xacro
-- Installing: /home/pb/Documents/R2/install/lunar_nav/share/lunar_nav//worlds
-- Installing: /home/pb/Documents/R2/install/lunar_nav/share/lunar_nav//worlds/lunar_crater.world
-- Installing: /home/pb/Documents/R2/install/lunar_nav/share/ament_index/resource_index/package_run_dependencies/lunar_nav
-- Installing: /home/pb/Documents/R2/install/lunar_nav/share/ament_index/resource_index/parent_prefix_path/lunar_nav
-- Installing: /home/pb/Documents/R2/install/lunar_nav/share/lunar_nav/environment/ament_prefix_path.sh
-- Installing: /home/pb/Documents/R2/install/lunar_nav/share/lunar_nav/environment/ament_prefix_path.dsv
-- Installing: /home/pb/Documents/R2/install/lunar_nav/share/lunar_nav/environment/path.sh
-- Installing: /home/pb/Documents/R2/install/lunar_nav/share/lunar_nav/environment/path.dsv
-- Installing: /home/pb/Documents/R2/install/lunar_nav/share/lunar_nav/local_setup.bash
-- Installing: /home/pb/Documents/R2/install/lunar_nav/share/lunar_nav/local_setup.sh
-- Installing: /home/pb/Documents/R2/install/lunar_nav/share/lunar_nav/local_setup.zsh
-- Installing: /home/pb/Documents/R2/install/lunar_nav/share/lunar_nav/local_setup.dsv
-- Installing: /home/pb/Documents/R2/install/lunar_nav/share/lunar_nav/package.dsv
-- Installing: /home/pb/Documents/R2/install/lunar_nav/share/ament_index/resource_index/packages/lunar_nav
-- Installing: /home/pb/Documents/R2/install/lunar_nav/share/lunar_nav/cmake/lunar_navConfig.cmake
-- Installing: /home/pb/Documents/R2/install/lunar_nav/share/lunar_nav/cmake/lunar_navConfig-version.cmake
-- Installing: /home/pb/Documents/R2/install/lunar_nav/share/lunar_nav/package.xml
