[0.007s] Invoking command in '/home/pb/Documents/R2/build/lunar_nav': CMAKE_PREFIX_PATH=${CMAKE_PREFIX_PATH}:/opt/ros/humble /usr/bin/cmake --build /home/pb/Documents/R2/build/lunar_nav -- -j20 -l20
[0.027s] -- Found ament_cmake: 1.3.12 (/opt/ros/humble/share/ament_cmake/cmake)
[0.142s] -- Found rosidl_default_generators: 1.2.0 (/opt/ros/humble/share/rosidl_default_generators/cmake)
[0.143s] -- Using all available rosidl_typesupport_c: rosidl_typesupport_fastrtps_c;rosidl_typesupport_introspection_c
[0.146s] -- Found rosidl_adapter: 3.1.7 (/opt/ros/humble/share/rosidl_adapter/cmake)
[0.171s] -- Using all available rosidl_typesupport_cpp: rosidl_typesupport_fastrtps_cpp;rosidl_typesupport_introspection_cpp
[0.193s] -- Found std_msgs: 4.9.0 (/opt/ros/humble/share/std_msgs/cmake)
[0.214s] -- Found geometry_msgs: 4.9.0 (/opt/ros/humble/share/geometry_msgs/cmake)
[0.492s] -- Found ament_cmake_ros: 0.10.0 (/opt/ros/humble/share/ament_cmake_ros/cmake)
[0.723s] -- Using all available rosidl_typesupport_c: rosidl_typesupport_fastrtps_c;rosidl_typesupport_introspection_c
[1.026s] -- Using all available rosidl_typesupport_cpp: rosidl_typesupport_fastrtps_cpp;rosidl_typesupport_introspection_cpp
[1.047s] -- Found python_cmake_module: 0.10.0 (/opt/ros/humble/share/python_cmake_module/cmake)
[1.067s] -- Using PYTHON_EXECUTABLE: /usr/bin/python3
[1.067s] -- Using PYTHON_INCLUDE_DIRS: /usr/include/python3.10
[1.067s] -- Using PYTHON_LIBRARIES: /usr/lib/x86_64-linux-gnu/libpython3.10.so
[1.108s] -- Configuring done
[1.140s] -- Generating done
[1.151s] -- Build files have been written to: /home/pb/Documents/R2/build/lunar_nav
[1.170s] [35m[1mConsolidate compiler generated dependencies of target lunar_nav__rosidl_generator_c[0m
[1.179s] [ 10%] Built target lunar_nav__rosidl_generator_c
[1.180s] [ 12%] Built target lunar_nav__cpp
[1.187s] [35m[1mConsolidate compiler generated dependencies of target lunar_nav__rosidl_typesupport_introspection_cpp[0m
[1.187s] [35m[1mConsolidate compiler generated dependencies of target lunar_nav__rosidl_typesupport_fastrtps_cpp[0m
[1.188s] [ 12%] Built target ament_cmake_python_copy_lunar_nav
[1.188s] [35m[1mConsolidate compiler generated dependencies of target lunar_nav__rosidl_typesupport_cpp[0m
[1.196s] [ 23%] Built target lunar_nav__rosidl_typesupport_introspection_cpp
[1.196s] [35m[1mConsolidate compiler generated dependencies of target lunar_nav__rosidl_typesupport_c[0m
[1.196s] [ 33%] Built target lunar_nav__rosidl_typesupport_fastrtps_cpp
[1.196s] [35m[1mConsolidate compiler generated dependencies of target lunar_nav__rosidl_typesupport_introspection_c[0m
[1.196s] [35m[1mConsolidate compiler generated dependencies of target lunar_nav__rosidl_typesupport_fastrtps_c[0m
[1.201s] [ 43%] Built target lunar_nav__rosidl_typesupport_cpp
[1.202s] [ 53%] Built target lunar_nav__rosidl_typesupport_c
[1.204s] [ 64%] Built target lunar_nav__rosidl_typesupport_introspection_c
[1.210s] [ 74%] Built target lunar_nav__rosidl_typesupport_fastrtps_c
[1.227s] [ 74%] Built target lunar_nav
[1.245s] [ 76%] Built target lunar_nav__py
[1.254s] [35m[1mConsolidate compiler generated dependencies of target lunar_nav__rosidl_generator_py[0m
[1.267s] [ 84%] Built target lunar_nav__rosidl_generator_py
[1.276s] [35m[1mConsolidate compiler generated dependencies of target lunar_nav__rosidl_typesupport_introspection_c__pyext[0m
[1.276s] [35m[1mConsolidate compiler generated dependencies of target lunar_nav__rosidl_typesupport_c__pyext[0m
[1.276s] [35m[1mConsolidate compiler generated dependencies of target lunar_nav__rosidl_typesupport_fastrtps_c__pyext[0m
[1.289s] [100%] Built target lunar_nav__rosidl_typesupport_c__pyext
[1.289s] [100%] Built target lunar_nav__rosidl_typesupport_fastrtps_c__pyext
[1.289s] [100%] Built target lunar_nav__rosidl_typesupport_introspection_c__pyext
[1.324s] running egg_info
[1.325s] writing lunar_nav.egg-info/PKG-INFO
[1.325s] writing dependency_links to lunar_nav.egg-info/dependency_links.txt
[1.325s] writing top-level names to lunar_nav.egg-info/top_level.txt
[1.326s] reading manifest file 'lunar_nav.egg-info/SOURCES.txt'
[1.326s] writing manifest file 'lunar_nav.egg-info/SOURCES.txt'
[1.346s] [100%] Built target ament_cmake_python_build_lunar_nav_egg
[1.356s] Invoked command in '/home/pb/Documents/R2/build/lunar_nav' returned '0': CMAKE_PREFIX_PATH=${CMAKE_PREFIX_PATH}:/opt/ros/humble /usr/bin/cmake --build /home/pb/Documents/R2/build/lunar_nav -- -j20 -l20
[1.365s] Invoking command in '/home/pb/Documents/R2/build/lunar_nav': CMAKE_PREFIX_PATH=${CMAKE_PREFIX_PATH}:/opt/ros/humble /usr/bin/cmake --install /home/pb/Documents/R2/build/lunar_nav
[1.371s] -- Install configuration: ""
[1.372s] -- Up-to-date: /home/pb/Documents/R2/install/lunar_nav/local/lib/python3.10/dist-packages/lunar_nav
[1.372s] -- Up-to-date: /home/pb/Documents/R2/install/lunar_nav/local/lib/python3.10/dist-packages/lunar_nav/particle_filter.py
[1.372s] -- Up-to-date: /home/pb/Documents/R2/install/lunar_nav/local/lib/python3.10/dist-packages/lunar_nav/crater_detector.py
[1.372s] -- Installing: /home/pb/Documents/R2/install/lunar_nav/local/lib/python3.10/dist-packages/lunar_nav/teleop_keyboard.py
[1.372s] -- Up-to-date: /home/pb/Documents/R2/install/lunar_nav/lib/lunar_nav/crater_detector
[1.372s] -- Up-to-date: /home/pb/Documents/R2/install/lunar_nav/lib/lunar_nav/particle_filter
[1.372s] -- Installing: /home/pb/Documents/R2/install/lunar_nav/lib/lunar_nav/teleop_keyboard
[1.372s] -- Up-to-date: /home/pb/Documents/R2/install/lunar_nav/share/ament_index/resource_index/rosidl_interfaces/lunar_nav
[1.372s] -- Up-to-date: /home/pb/Documents/R2/install/lunar_nav/include/lunar_nav/lunar_nav
[1.372s] -- Up-to-date: /home/pb/Documents/R2/install/lunar_nav/include/lunar_nav/lunar_nav/msg
[1.372s] -- Up-to-date: /home/pb/Documents/R2/install/lunar_nav/include/lunar_nav/lunar_nav/msg/detail
[1.373s] -- Up-to-date: /home/pb/Documents/R2/install/lunar_nav/include/lunar_nav/lunar_nav/msg/detail/crater__functions.c
[1.373s] -- Up-to-date: /home/pb/Documents/R2/install/lunar_nav/include/lunar_nav/lunar_nav/msg/detail/crater_array__struct.h
[1.373s] -- Up-to-date: /home/pb/Documents/R2/install/lunar_nav/include/lunar_nav/lunar_nav/msg/detail/crater__functions.h
[1.373s] -- Up-to-date: /home/pb/Documents/R2/install/lunar_nav/include/lunar_nav/lunar_nav/msg/detail/crater__struct.h
[1.373s] -- Up-to-date: /home/pb/Documents/R2/install/lunar_nav/include/lunar_nav/lunar_nav/msg/detail/crater_array__type_support.h
[1.373s] -- Up-to-date: /home/pb/Documents/R2/install/lunar_nav/include/lunar_nav/lunar_nav/msg/detail/crater__type_support.h
[1.373s] -- Up-to-date: /home/pb/Documents/R2/install/lunar_nav/include/lunar_nav/lunar_nav/msg/detail/crater_array__functions.h
[1.373s] -- Up-to-date: /home/pb/Documents/R2/install/lunar_nav/include/lunar_nav/lunar_nav/msg/detail/crater_array__functions.c
[1.373s] -- Up-to-date: /home/pb/Documents/R2/install/lunar_nav/include/lunar_nav/lunar_nav/msg/rosidl_generator_c__visibility_control.h
[1.373s] -- Up-to-date: /home/pb/Documents/R2/install/lunar_nav/include/lunar_nav/lunar_nav/msg/crater_array.h
[1.373s] -- Up-to-date: /home/pb/Documents/R2/install/lunar_nav/include/lunar_nav/lunar_nav/msg/crater.h
[1.373s] -- Up-to-date: /home/pb/Documents/R2/install/lunar_nav/share/lunar_nav/environment/library_path.sh
[1.373s] -- Installing: /home/pb/Documents/R2/install/lunar_nav/share/lunar_nav/environment/library_path.dsv
[1.374s] -- Up-to-date: /home/pb/Documents/R2/install/lunar_nav/lib/liblunar_nav__rosidl_generator_c.so
[1.374s] -- Up-to-date: /home/pb/Documents/R2/install/lunar_nav/include/lunar_nav/lunar_nav
[1.374s] -- Up-to-date: /home/pb/Documents/R2/install/lunar_nav/include/lunar_nav/lunar_nav/msg
[1.374s] -- Up-to-date: /home/pb/Documents/R2/install/lunar_nav/include/lunar_nav/lunar_nav/msg/detail
[1.374s] -- Up-to-date: /home/pb/Documents/R2/install/lunar_nav/include/lunar_nav/lunar_nav/msg/detail/crater__rosidl_typesupport_fastrtps_c.h
[1.374s] -- Up-to-date: /home/pb/Documents/R2/install/lunar_nav/include/lunar_nav/lunar_nav/msg/detail/crater_array__rosidl_typesupport_fastrtps_c.h
[1.374s] -- Up-to-date: /home/pb/Documents/R2/install/lunar_nav/include/lunar_nav/lunar_nav/msg/rosidl_typesupport_fastrtps_c__visibility_control.h
[1.374s] -- Up-to-date: /home/pb/Documents/R2/install/lunar_nav/lib/liblunar_nav__rosidl_typesupport_fastrtps_c.so
[1.374s] -- Up-to-date: /home/pb/Documents/R2/install/lunar_nav/include/lunar_nav/lunar_nav
[1.374s] -- Up-to-date: /home/pb/Documents/R2/install/lunar_nav/include/lunar_nav/lunar_nav/msg
[1.374s] -- Up-to-date: /home/pb/Documents/R2/install/lunar_nav/include/lunar_nav/lunar_nav/msg/detail
[1.375s] -- Up-to-date: /home/pb/Documents/R2/install/lunar_nav/include/lunar_nav/lunar_nav/msg/detail/crater__rosidl_typesupport_introspection_c.h
[1.375s] -- Up-to-date: /home/pb/Documents/R2/install/lunar_nav/include/lunar_nav/lunar_nav/msg/detail/crater_array__type_support.c
[1.375s] -- Up-to-date: /home/pb/Documents/R2/install/lunar_nav/include/lunar_nav/lunar_nav/msg/detail/crater_array__rosidl_typesupport_introspection_c.h
[1.375s] -- Up-to-date: /home/pb/Documents/R2/install/lunar_nav/include/lunar_nav/lunar_nav/msg/detail/crater__type_support.c
[1.375s] -- Up-to-date: /home/pb/Documents/R2/install/lunar_nav/include/lunar_nav/lunar_nav/msg/rosidl_typesupport_introspection_c__visibility_control.h
[1.375s] -- Up-to-date: /home/pb/Documents/R2/install/lunar_nav/lib/liblunar_nav__rosidl_typesupport_introspection_c.so
[1.375s] -- Up-to-date: /home/pb/Documents/R2/install/lunar_nav/lib/liblunar_nav__rosidl_typesupport_c.so
[1.375s] -- Up-to-date: /home/pb/Documents/R2/install/lunar_nav/include/lunar_nav/lunar_nav
[1.375s] -- Up-to-date: /home/pb/Documents/R2/install/lunar_nav/include/lunar_nav/lunar_nav/msg
[1.375s] -- Up-to-date: /home/pb/Documents/R2/install/lunar_nav/include/lunar_nav/lunar_nav/msg/crater_array.hpp
[1.375s] -- Up-to-date: /home/pb/Documents/R2/install/lunar_nav/include/lunar_nav/lunar_nav/msg/detail
[1.375s] -- Up-to-date: /home/pb/Documents/R2/install/lunar_nav/include/lunar_nav/lunar_nav/msg/detail/crater__traits.hpp
[1.375s] -- Up-to-date: /home/pb/Documents/R2/install/lunar_nav/include/lunar_nav/lunar_nav/msg/detail/crater__type_support.hpp
[1.375s] -- Up-to-date: /home/pb/Documents/R2/install/lunar_nav/include/lunar_nav/lunar_nav/msg/detail/crater__struct.hpp
[1.376s] -- Up-to-date: /home/pb/Documents/R2/install/lunar_nav/include/lunar_nav/lunar_nav/msg/detail/crater_array__traits.hpp
[1.376s] -- Up-to-date: /home/pb/Documents/R2/install/lunar_nav/include/lunar_nav/lunar_nav/msg/detail/crater_array__struct.hpp
[1.376s] -- Up-to-date: /home/pb/Documents/R2/install/lunar_nav/include/lunar_nav/lunar_nav/msg/detail/crater_array__builder.hpp
[1.376s] -- Up-to-date: /home/pb/Documents/R2/install/lunar_nav/include/lunar_nav/lunar_nav/msg/detail/crater__builder.hpp
[1.376s] -- Up-to-date: /home/pb/Documents/R2/install/lunar_nav/include/lunar_nav/lunar_nav/msg/detail/crater_array__type_support.hpp
[1.376s] -- Up-to-date: /home/pb/Documents/R2/install/lunar_nav/include/lunar_nav/lunar_nav/msg/crater.hpp
[1.376s] -- Up-to-date: /home/pb/Documents/R2/install/lunar_nav/include/lunar_nav/lunar_nav/msg/rosidl_generator_cpp__visibility_control.hpp
[1.376s] -- Up-to-date: /home/pb/Documents/R2/install/lunar_nav/include/lunar_nav/lunar_nav
[1.376s] -- Up-to-date: /home/pb/Documents/R2/install/lunar_nav/include/lunar_nav/lunar_nav/msg
[1.376s] -- Up-to-date: /home/pb/Documents/R2/install/lunar_nav/include/lunar_nav/lunar_nav/msg/detail
[1.376s] -- Up-to-date: /home/pb/Documents/R2/install/lunar_nav/include/lunar_nav/lunar_nav/msg/detail/crater_array__rosidl_typesupport_fastrtps_cpp.hpp
[1.376s] -- Up-to-date: /home/pb/Documents/R2/install/lunar_nav/include/lunar_nav/lunar_nav/msg/detail/crater__rosidl_typesupport_fastrtps_cpp.hpp
[1.377s] -- Up-to-date: /home/pb/Documents/R2/install/lunar_nav/include/lunar_nav/lunar_nav/msg/detail/dds_fastrtps
[1.377s] -- Up-to-date: /home/pb/Documents/R2/install/lunar_nav/include/lunar_nav/lunar_nav/msg/rosidl_typesupport_fastrtps_cpp__visibility_control.h
[1.377s] -- Up-to-date: /home/pb/Documents/R2/install/lunar_nav/lib/liblunar_nav__rosidl_typesupport_fastrtps_cpp.so
[1.377s] -- Up-to-date: /home/pb/Documents/R2/install/lunar_nav/include/lunar_nav/lunar_nav
[1.377s] -- Up-to-date: /home/pb/Documents/R2/install/lunar_nav/include/lunar_nav/lunar_nav/msg
[1.377s] -- Up-to-date: /home/pb/Documents/R2/install/lunar_nav/include/lunar_nav/lunar_nav/msg/detail
[1.377s] -- Up-to-date: /home/pb/Documents/R2/install/lunar_nav/include/lunar_nav/lunar_nav/msg/detail/crater__type_support.cpp
[1.377s] -- Up-to-date: /home/pb/Documents/R2/install/lunar_nav/include/lunar_nav/lunar_nav/msg/detail/crater_array__rosidl_typesupport_introspection_cpp.hpp
[1.377s] -- Up-to-date: /home/pb/Documents/R2/install/lunar_nav/include/lunar_nav/lunar_nav/msg/detail/crater_array__type_support.cpp
[1.377s] -- Up-to-date: /home/pb/Documents/R2/install/lunar_nav/include/lunar_nav/lunar_nav/msg/detail/crater__rosidl_typesupport_introspection_cpp.hpp
[1.377s] -- Up-to-date: /home/pb/Documents/R2/install/lunar_nav/lib/liblunar_nav__rosidl_typesupport_introspection_cpp.so
[1.377s] -- Up-to-date: /home/pb/Documents/R2/install/lunar_nav/lib/liblunar_nav__rosidl_typesupport_cpp.so
[1.377s] -- Up-to-date: /home/pb/Documents/R2/install/lunar_nav/share/lunar_nav/environment/pythonpath.sh
[1.377s] -- Installing: /home/pb/Documents/R2/install/lunar_nav/share/lunar_nav/environment/pythonpath.dsv
[1.377s] -- Up-to-date: /home/pb/Documents/R2/install/lunar_nav/local/lib/python3.10/dist-packages/lunar_nav-0.0.0-py3.10.egg-info
[1.378s] -- Installing: /home/pb/Documents/R2/install/lunar_nav/local/lib/python3.10/dist-packages/lunar_nav-0.0.0-py3.10.egg-info/dependency_links.txt
[1.378s] -- Installing: /home/pb/Documents/R2/install/lunar_nav/local/lib/python3.10/dist-packages/lunar_nav-0.0.0-py3.10.egg-info/top_level.txt
[1.378s] -- Installing: /home/pb/Documents/R2/install/lunar_nav/local/lib/python3.10/dist-packages/lunar_nav-0.0.0-py3.10.egg-info/PKG-INFO
[1.378s] -- Installing: /home/pb/Documents/R2/install/lunar_nav/local/lib/python3.10/dist-packages/lunar_nav-0.0.0-py3.10.egg-info/SOURCES.txt
[1.378s] -- Up-to-date: /home/pb/Documents/R2/install/lunar_nav/local/lib/python3.10/dist-packages/lunar_nav
[1.378s] -- Up-to-date: /home/pb/Documents/R2/install/lunar_nav/local/lib/python3.10/dist-packages/lunar_nav/lunar_nav_s__rosidl_typesupport_fastrtps_c.cpython-310-x86_64-linux-gnu.so
[1.378s] -- Up-to-date: /home/pb/Documents/R2/install/lunar_nav/local/lib/python3.10/dist-packages/lunar_nav/_lunar_nav_s.ep.rosidl_typesupport_introspection_c.c
[1.378s] -- Up-to-date: /home/pb/Documents/R2/install/lunar_nav/local/lib/python3.10/dist-packages/lunar_nav/_lunar_nav_s.ep.rosidl_typesupport_fastrtps_c.c
[1.378s] -- Installing: /home/pb/Documents/R2/install/lunar_nav/local/lib/python3.10/dist-packages/lunar_nav/__init__.py
[1.378s] -- Up-to-date: /home/pb/Documents/R2/install/lunar_nav/local/lib/python3.10/dist-packages/lunar_nav/lunar_nav_s__rosidl_typesupport_introspection_c.cpython-310-x86_64-linux-gnu.so
[1.378s] -- Up-to-date: /home/pb/Documents/R2/install/lunar_nav/local/lib/python3.10/dist-packages/lunar_nav/msg
[1.378s] -- Up-to-date: /home/pb/Documents/R2/install/lunar_nav/local/lib/python3.10/dist-packages/lunar_nav/msg/__init__.py
[1.378s] -- Up-to-date: /home/pb/Documents/R2/install/lunar_nav/local/lib/python3.10/dist-packages/lunar_nav/msg/_crater_array_s.c
[1.378s] -- Up-to-date: /home/pb/Documents/R2/install/lunar_nav/local/lib/python3.10/dist-packages/lunar_nav/msg/_crater_s.c
[1.378s] -- Up-to-date: /home/pb/Documents/R2/install/lunar_nav/local/lib/python3.10/dist-packages/lunar_nav/msg/_crater.py
[1.379s] -- Up-to-date: /home/pb/Documents/R2/install/lunar_nav/local/lib/python3.10/dist-packages/lunar_nav/msg/_crater_array.py
[1.379s] -- Up-to-date: /home/pb/Documents/R2/install/lunar_nav/local/lib/python3.10/dist-packages/lunar_nav/_lunar_nav_s.ep.rosidl_typesupport_c.c
[1.379s] -- Up-to-date: /home/pb/Documents/R2/install/lunar_nav/local/lib/python3.10/dist-packages/lunar_nav/liblunar_nav__rosidl_generator_py.so
[1.379s] -- Up-to-date: /home/pb/Documents/R2/install/lunar_nav/local/lib/python3.10/dist-packages/lunar_nav/lunar_nav_s__rosidl_typesupport_c.cpython-310-x86_64-linux-gnu.so
[1.408s] Listing '/home/pb/Documents/R2/install/lunar_nav/local/lib/python3.10/dist-packages/lunar_nav'...
[1.408s] Compiling '/home/pb/Documents/R2/install/lunar_nav/local/lib/python3.10/dist-packages/lunar_nav/__init__.py'...
[1.408s] Listing '/home/pb/Documents/R2/install/lunar_nav/local/lib/python3.10/dist-packages/lunar_nav/msg'...
[1.408s] Compiling '/home/pb/Documents/R2/install/lunar_nav/local/lib/python3.10/dist-packages/lunar_nav/teleop_keyboard.py'...
[1.412s] -- Up-to-date: /home/pb/Documents/R2/install/lunar_nav/local/lib/python3.10/dist-packages/lunar_nav/lunar_nav_s__rosidl_typesupport_fastrtps_c.cpython-310-x86_64-linux-gnu.so
[1.412s] -- Up-to-date: /home/pb/Documents/R2/install/lunar_nav/local/lib/python3.10/dist-packages/lunar_nav/lunar_nav_s__rosidl_typesupport_introspection_c.cpython-310-x86_64-linux-gnu.so
[1.413s] -- Up-to-date: /home/pb/Documents/R2/install/lunar_nav/local/lib/python3.10/dist-packages/lunar_nav/lunar_nav_s__rosidl_typesupport_c.cpython-310-x86_64-linux-gnu.so
[1.413s] -- Up-to-date: /home/pb/Documents/R2/install/lunar_nav/lib/liblunar_nav__rosidl_generator_py.so
[1.413s] -- Up-to-date: /home/pb/Documents/R2/install/lunar_nav/share/lunar_nav/msg/Crater.idl
[1.413s] -- Up-to-date: /home/pb/Documents/R2/install/lunar_nav/share/lunar_nav/msg/CraterArray.idl
[1.413s] -- Up-to-date: /home/pb/Documents/R2/install/lunar_nav/share/lunar_nav/msg/Crater.msg
[1.413s] -- Up-to-date: /home/pb/Documents/R2/install/lunar_nav/share/lunar_nav/msg/CraterArray.msg
[1.413s] -- Up-to-date: /home/pb/Documents/R2/install/lunar_nav/share/lunar_nav//launch
[1.414s] -- Up-to-date: /home/pb/Documents/R2/install/lunar_nav/share/lunar_nav//launch/crater_navigation.launch.py
[1.414s] -- Up-to-date: /home/pb/Documents/R2/install/lunar_nav/share/lunar_nav//urdf
[1.414s] -- Up-to-date: /home/pb/Documents/R2/install/lunar_nav/share/lunar_nav//urdf/rover.urdf.xacro
[1.414s] -- Up-to-date: /home/pb/Documents/R2/install/lunar_nav/share/lunar_nav//worlds
[1.414s] -- Up-to-date: /home/pb/Documents/R2/install/lunar_nav/share/lunar_nav//worlds/lunar_crater.world
[1.414s] -- Up-to-date: /home/pb/Documents/R2/install/lunar_nav/share/ament_index/resource_index/package_run_dependencies/lunar_nav
[1.414s] -- Up-to-date: /home/pb/Documents/R2/install/lunar_nav/share/ament_index/resource_index/parent_prefix_path/lunar_nav
[1.414s] -- Up-to-date: /home/pb/Documents/R2/install/lunar_nav/share/lunar_nav/environment/ament_prefix_path.sh
[1.414s] -- Installing: /home/pb/Documents/R2/install/lunar_nav/share/lunar_nav/environment/ament_prefix_path.dsv
[1.414s] -- Up-to-date: /home/pb/Documents/R2/install/lunar_nav/share/lunar_nav/environment/path.sh
[1.414s] -- Installing: /home/pb/Documents/R2/install/lunar_nav/share/lunar_nav/environment/path.dsv
[1.414s] -- Up-to-date: /home/pb/Documents/R2/install/lunar_nav/share/lunar_nav/local_setup.bash
[1.414s] -- Up-to-date: /home/pb/Documents/R2/install/lunar_nav/share/lunar_nav/local_setup.sh
[1.415s] -- Up-to-date: /home/pb/Documents/R2/install/lunar_nav/share/lunar_nav/local_setup.zsh
[1.415s] -- Installing: /home/pb/Documents/R2/install/lunar_nav/share/lunar_nav/local_setup.dsv
[1.415s] -- Installing: /home/pb/Documents/R2/install/lunar_nav/share/lunar_nav/package.dsv
[1.415s] -- Up-to-date: /home/pb/Documents/R2/install/lunar_nav/share/ament_index/resource_index/packages/lunar_nav
[1.415s] -- Up-to-date: /home/pb/Documents/R2/install/lunar_nav/share/lunar_nav/cmake/export_lunar_nav__rosidl_generator_cExport.cmake
[1.415s] -- Up-to-date: /home/pb/Documents/R2/install/lunar_nav/share/lunar_nav/cmake/export_lunar_nav__rosidl_generator_cExport-noconfig.cmake
[1.415s] -- Up-to-date: /home/pb/Documents/R2/install/lunar_nav/share/lunar_nav/cmake/export_lunar_nav__rosidl_typesupport_fastrtps_cExport.cmake
[1.415s] -- Up-to-date: /home/pb/Documents/R2/install/lunar_nav/share/lunar_nav/cmake/export_lunar_nav__rosidl_typesupport_fastrtps_cExport-noconfig.cmake
[1.415s] -- Up-to-date: /home/pb/Documents/R2/install/lunar_nav/share/lunar_nav/cmake/lunar_nav__rosidl_typesupport_introspection_cExport.cmake
[1.415s] -- Up-to-date: /home/pb/Documents/R2/install/lunar_nav/share/lunar_nav/cmake/lunar_nav__rosidl_typesupport_introspection_cExport-noconfig.cmake
[1.415s] -- Up-to-date: /home/pb/Documents/R2/install/lunar_nav/share/lunar_nav/cmake/lunar_nav__rosidl_typesupport_cExport.cmake
[1.415s] -- Up-to-date: /home/pb/Documents/R2/install/lunar_nav/share/lunar_nav/cmake/lunar_nav__rosidl_typesupport_cExport-noconfig.cmake
[1.416s] -- Up-to-date: /home/pb/Documents/R2/install/lunar_nav/share/lunar_nav/cmake/export_lunar_nav__rosidl_generator_cppExport.cmake
[1.416s] -- Up-to-date: /home/pb/Documents/R2/install/lunar_nav/share/lunar_nav/cmake/export_lunar_nav__rosidl_typesupport_fastrtps_cppExport.cmake
[1.416s] -- Up-to-date: /home/pb/Documents/R2/install/lunar_nav/share/lunar_nav/cmake/export_lunar_nav__rosidl_typesupport_fastrtps_cppExport-noconfig.cmake
[1.416s] -- Up-to-date: /home/pb/Documents/R2/install/lunar_nav/share/lunar_nav/cmake/lunar_nav__rosidl_typesupport_introspection_cppExport.cmake
[1.416s] -- Up-to-date: /home/pb/Documents/R2/install/lunar_nav/share/lunar_nav/cmake/lunar_nav__rosidl_typesupport_introspection_cppExport-noconfig.cmake
[1.416s] -- Up-to-date: /home/pb/Documents/R2/install/lunar_nav/share/lunar_nav/cmake/lunar_nav__rosidl_typesupport_cppExport.cmake
[1.416s] -- Up-to-date: /home/pb/Documents/R2/install/lunar_nav/share/lunar_nav/cmake/lunar_nav__rosidl_typesupport_cppExport-noconfig.cmake
[1.416s] -- Up-to-date: /home/pb/Documents/R2/install/lunar_nav/share/lunar_nav/cmake/export_lunar_nav__rosidl_generator_pyExport.cmake
[1.416s] -- Up-to-date: /home/pb/Documents/R2/install/lunar_nav/share/lunar_nav/cmake/export_lunar_nav__rosidl_generator_pyExport-noconfig.cmake
[1.416s] -- Up-to-date: /home/pb/Documents/R2/install/lunar_nav/share/lunar_nav/cmake/rosidl_cmake-extras.cmake
[1.416s] -- Up-to-date: /home/pb/Documents/R2/install/lunar_nav/share/lunar_nav/cmake/ament_cmake_export_dependencies-extras.cmake
[1.416s] -- Up-to-date: /home/pb/Documents/R2/install/lunar_nav/share/lunar_nav/cmake/ament_cmake_export_include_directories-extras.cmake
[1.416s] -- Up-to-date: /home/pb/Documents/R2/install/lunar_nav/share/lunar_nav/cmake/ament_cmake_export_libraries-extras.cmake
[1.417s] -- Up-to-date: /home/pb/Documents/R2/install/lunar_nav/share/lunar_nav/cmake/ament_cmake_export_targets-extras.cmake
[1.417s] -- Up-to-date: /home/pb/Documents/R2/install/lunar_nav/share/lunar_nav/cmake/rosidl_cmake_export_typesupport_targets-extras.cmake
[1.417s] -- Up-to-date: /home/pb/Documents/R2/install/lunar_nav/share/lunar_nav/cmake/rosidl_cmake_export_typesupport_libraries-extras.cmake
[1.417s] -- Up-to-date: /home/pb/Documents/R2/install/lunar_nav/share/lunar_nav/cmake/lunar_navConfig.cmake
[1.417s] -- Up-to-date: /home/pb/Documents/R2/install/lunar_nav/share/lunar_nav/cmake/lunar_navConfig-version.cmake
[1.417s] -- Up-to-date: /home/pb/Documents/R2/install/lunar_nav/share/lunar_nav/package.xml
[1.418s] Invoked command in '/home/pb/Documents/R2/build/lunar_nav' returned '0': CMAKE_PREFIX_PATH=${CMAKE_PREFIX_PATH}:/opt/ros/humble /usr/bin/cmake --install /home/pb/Documents/R2/build/lunar_nav
