[0.117s] DEBUG:colcon:Command line arguments: ['/usr/bin/colcon', 'build']
[0.117s] DEBUG:colcon:Parsed command line arguments: Namespace(log_base=None, log_level=None, verb_name='build', build_base='build', install_base='install', merge_install=False, symlink_install=False, test_result_base=None, continue_on_error=False, executor='parallel', parallel_workers=20, event_handlers=None, ignore_user_meta=False, metas=['./colcon.meta'], base_paths=['.'], packages_ignore=None, packages_ignore_regex=None, paths=None, packages_up_to=None, packages_up_to_regex=None, packages_above=None, packages_above_and_dependencies=None, packages_above_depth=None, packages_select_by_dep=None, packages_skip_by_dep=None, packages_skip_up_to=None, packages_select_build_failed=False, packages_skip_build_finished=False, packages_select_test_failures=False, packages_skip_test_passed=False, packages_select=None, packages_skip=None, packages_select_regex=None, packages_skip_regex=None, packages_start=None, packages_end=None, allow_overriding=[], cmake_args=None, cmake_target=None, cmake_target_skip_unavailable=False, cmake_clean_cache=False, cmake_clean_first=False, cmake_force_configure=False, ament_cmake_args=None, catkin_cmake_args=None, catkin_skip_building_tests=False, mixin_files=None, mixin=None, verb_parser=<colcon_mixin.mixin.mixin_argument.MixinArgumentDecorator object at 0x77b140651750>, verb_extension=<colcon_core.verb.build.BuildVerb object at 0x77b1407cf0a0>, main=<bound method BuildVerb.main of <colcon_core.verb.build.BuildVerb object at 0x77b1407cf0a0>>, mixin_verb=('build',))
[0.273s] Level 1:colcon.colcon_core.package_discovery:discover_packages(colcon_meta) check parameters
[0.273s] Level 1:colcon.colcon_core.package_discovery:discover_packages(recursive) check parameters
[0.273s] Level 1:colcon.colcon_core.package_discovery:discover_packages(ignore) check parameters
[0.273s] Level 1:colcon.colcon_core.package_discovery:discover_packages(path) check parameters
[0.273s] Level 1:colcon.colcon_core.package_discovery:discover_packages(colcon_meta) discover
[0.274s] Level 1:colcon.colcon_core.package_discovery:discover_packages(recursive) discover
[0.274s] INFO:colcon.colcon_core.package_discovery:Crawling recursively for packages in '/home/pb/Documents/R2'
[0.274s] Level 1:colcon.colcon_core.package_identification:_identify(.) by extensions ['ignore', 'ignore_ament_install']
[0.274s] Level 1:colcon.colcon_core.package_identification:_identify(.) by extension 'ignore'
[0.274s] Level 1:colcon.colcon_core.package_identification:_identify(.) by extension 'ignore_ament_install'
[0.274s] Level 1:colcon.colcon_core.package_identification:_identify(.) by extensions ['colcon_pkg']
[0.274s] Level 1:colcon.colcon_core.package_identification:_identify(.) by extension 'colcon_pkg'
[0.274s] Level 1:colcon.colcon_core.package_identification:_identify(.) by extensions ['colcon_meta']
[0.274s] Level 1:colcon.colcon_core.package_identification:_identify(.) by extension 'colcon_meta'
[0.274s] Level 1:colcon.colcon_core.package_identification:_identify(.) by extensions ['ros']
[0.274s] Level 1:colcon.colcon_core.package_identification:_identify(.) by extension 'ros'
[0.283s] Level 1:colcon.colcon_core.package_identification:_identify(.) by extensions ['cmake', 'python']
[0.283s] Level 1:colcon.colcon_core.package_identification:_identify(.) by extension 'cmake'
[0.283s] Level 1:colcon.colcon_core.package_identification:_identify(.) by extension 'python'
[0.283s] Level 1:colcon.colcon_core.package_identification:_identify(.) by extensions ['python_setup_py']
[0.283s] Level 1:colcon.colcon_core.package_identification:_identify(.) by extension 'python_setup_py'
[0.284s] Level 1:colcon.colcon_core.package_identification:_identify(build) by extensions ['ignore', 'ignore_ament_install']
[0.284s] Level 1:colcon.colcon_core.package_identification:_identify(build) by extension 'ignore'
[0.284s] Level 1:colcon.colcon_core.package_identification:_identify(build) ignored
[0.284s] Level 1:colcon.colcon_core.package_identification:_identify(install) by extensions ['ignore', 'ignore_ament_install']
[0.284s] Level 1:colcon.colcon_core.package_identification:_identify(install) by extension 'ignore'
[0.284s] Level 1:colcon.colcon_core.package_identification:_identify(install) ignored
[0.284s] Level 1:colcon.colcon_core.package_identification:_identify(log) by extensions ['ignore', 'ignore_ament_install']
[0.284s] Level 1:colcon.colcon_core.package_identification:_identify(log) by extension 'ignore'
[0.284s] Level 1:colcon.colcon_core.package_identification:_identify(log) ignored
[0.284s] Level 1:colcon.colcon_core.package_identification:_identify(src) by extensions ['ignore', 'ignore_ament_install']
[0.284s] Level 1:colcon.colcon_core.package_identification:_identify(src) by extension 'ignore'
[0.284s] Level 1:colcon.colcon_core.package_identification:_identify(src) by extension 'ignore_ament_install'
[0.284s] Level 1:colcon.colcon_core.package_identification:_identify(src) by extensions ['colcon_pkg']
[0.284s] Level 1:colcon.colcon_core.package_identification:_identify(src) by extension 'colcon_pkg'
[0.284s] Level 1:colcon.colcon_core.package_identification:_identify(src) by extensions ['colcon_meta']
[0.284s] Level 1:colcon.colcon_core.package_identification:_identify(src) by extension 'colcon_meta'
[0.284s] Level 1:colcon.colcon_core.package_identification:_identify(src) by extensions ['ros']
[0.284s] Level 1:colcon.colcon_core.package_identification:_identify(src) by extension 'ros'
[0.284s] Level 1:colcon.colcon_core.package_identification:_identify(src) by extensions ['cmake', 'python']
[0.284s] Level 1:colcon.colcon_core.package_identification:_identify(src) by extension 'cmake'
[0.284s] Level 1:colcon.colcon_core.package_identification:_identify(src) by extension 'python'
[0.284s] Level 1:colcon.colcon_core.package_identification:_identify(src) by extensions ['python_setup_py']
[0.284s] Level 1:colcon.colcon_core.package_identification:_identify(src) by extension 'python_setup_py'
[0.284s] Level 1:colcon.colcon_core.package_identification:_identify(src/lunar_nav) by extensions ['ignore', 'ignore_ament_install']
[0.285s] Level 1:colcon.colcon_core.package_identification:_identify(src/lunar_nav) by extension 'ignore'
[0.285s] Level 1:colcon.colcon_core.package_identification:_identify(src/lunar_nav) by extension 'ignore_ament_install'
[0.285s] Level 1:colcon.colcon_core.package_identification:_identify(src/lunar_nav) by extensions ['colcon_pkg']
[0.285s] Level 1:colcon.colcon_core.package_identification:_identify(src/lunar_nav) by extension 'colcon_pkg'
[0.285s] Level 1:colcon.colcon_core.package_identification:_identify(src/lunar_nav) by extensions ['colcon_meta']
[0.285s] Level 1:colcon.colcon_core.package_identification:_identify(src/lunar_nav) by extension 'colcon_meta'
[0.285s] Level 1:colcon.colcon_core.package_identification:_identify(src/lunar_nav) by extensions ['ros']
[0.285s] Level 1:colcon.colcon_core.package_identification:_identify(src/lunar_nav) by extension 'ros'
[0.289s] DEBUG:colcon.colcon_core.package_identification:Package 'src/lunar_nav' with type 'ros.ament_cmake' and name 'lunar_nav'
[0.289s] Level 1:colcon.colcon_core.package_discovery:discover_packages(recursive) using defaults
[0.289s] Level 1:colcon.colcon_core.package_discovery:discover_packages(ignore) discover
[0.289s] Level 1:colcon.colcon_core.package_discovery:discover_packages(ignore) using defaults
[0.289s] Level 1:colcon.colcon_core.package_discovery:discover_packages(path) discover
[0.289s] Level 1:colcon.colcon_core.package_discovery:discover_packages(path) using defaults
[0.335s] Level 1:colcon.colcon_core.package_discovery:discover_packages(prefix_path) check parameters
[0.335s] Level 1:colcon.colcon_core.package_discovery:discover_packages(prefix_path) discover
[0.336s] DEBUG:colcon.colcon_installed_package_information.package_discovery:Found 1 installed packages in /home/pb/Documents/R2/install
[0.338s] DEBUG:colcon.colcon_installed_package_information.package_discovery:Found 280 installed packages in /opt/ros/humble
[0.340s] Level 1:colcon.colcon_core.package_discovery:discover_packages(prefix_path) using defaults
[0.373s] Level 5:colcon.colcon_core.verb:set package 'lunar_nav' build argument 'cmake_args' from command line to 'None'
[0.373s] Level 5:colcon.colcon_core.verb:set package 'lunar_nav' build argument 'cmake_target' from command line to 'None'
[0.373s] Level 5:colcon.colcon_core.verb:set package 'lunar_nav' build argument 'cmake_target_skip_unavailable' from command line to 'False'
[0.373s] Level 5:colcon.colcon_core.verb:set package 'lunar_nav' build argument 'cmake_clean_cache' from command line to 'False'
[0.373s] Level 5:colcon.colcon_core.verb:set package 'lunar_nav' build argument 'cmake_clean_first' from command line to 'False'
[0.373s] Level 5:colcon.colcon_core.verb:set package 'lunar_nav' build argument 'cmake_force_configure' from command line to 'False'
[0.373s] Level 5:colcon.colcon_core.verb:set package 'lunar_nav' build argument 'ament_cmake_args' from command line to 'None'
[0.373s] Level 5:colcon.colcon_core.verb:set package 'lunar_nav' build argument 'catkin_cmake_args' from command line to 'None'
[0.373s] Level 5:colcon.colcon_core.verb:set package 'lunar_nav' build argument 'catkin_skip_building_tests' from command line to 'False'
[0.373s] DEBUG:colcon.colcon_core.verb:Building package 'lunar_nav' with the following arguments: {'ament_cmake_args': None, 'build_base': '/home/pb/Documents/R2/build/lunar_nav', 'catkin_cmake_args': None, 'catkin_skip_building_tests': False, 'cmake_args': None, 'cmake_clean_cache': False, 'cmake_clean_first': False, 'cmake_force_configure': False, 'cmake_target': None, 'cmake_target_skip_unavailable': False, 'install_base': '/home/pb/Documents/R2/install/lunar_nav', 'merge_install': False, 'path': '/home/pb/Documents/R2/src/lunar_nav', 'symlink_install': False, 'test_result_base': None}
[0.373s] INFO:colcon.colcon_core.executor:Executing jobs using 'parallel' executor
[0.374s] DEBUG:colcon.colcon_parallel_executor.executor.parallel:run_until_complete
[0.375s] INFO:colcon.colcon_ros.task.ament_cmake.build:Building ROS package in '/home/pb/Documents/R2/src/lunar_nav' with build type 'ament_cmake'
[0.375s] INFO:colcon.colcon_cmake.task.cmake.build:Building CMake package in '/home/pb/Documents/R2/src/lunar_nav'
[0.376s] INFO:colcon.colcon_core.plugin_system:Skipping extension 'colcon_core.shell.bat': Not used on non-Windows systems
[0.376s] INFO:colcon.colcon_core.shell:Skip shell extension 'powershell' for command environment: Not usable outside of PowerShell
[0.376s] DEBUG:colcon.colcon_core.shell:Skip shell extension 'dsv' for command environment
[0.386s] DEBUG:colcon.colcon_core.event_handler.log_command:Invoking command in '/home/pb/Documents/R2/build/lunar_nav': CMAKE_PREFIX_PATH=${CMAKE_PREFIX_PATH}:/opt/ros/humble /usr/bin/cmake --build /home/pb/Documents/R2/build/lunar_nav -- -j20 -l20
[1.203s] DEBUG:colcon.colcon_core.event_handler.log_command:Invoked command in '/home/pb/Documents/R2/build/lunar_nav' returned '0': CMAKE_PREFIX_PATH=${CMAKE_PREFIX_PATH}:/opt/ros/humble /usr/bin/cmake --build /home/pb/Documents/R2/build/lunar_nav -- -j20 -l20
[1.212s] DEBUG:colcon.colcon_core.event_handler.log_command:Invoking command in '/home/pb/Documents/R2/build/lunar_nav': CMAKE_PREFIX_PATH=${CMAKE_PREFIX_PATH}:/opt/ros/humble /usr/bin/cmake --install /home/pb/Documents/R2/build/lunar_nav
[1.267s] Level 1:colcon.colcon_core.environment:create_environment_scripts_only(lunar_nav)
[1.272s] Level 1:colcon.colcon_core.environment:checking '/home/pb/Documents/R2/install/lunar_nav' for CMake module files
[1.273s] DEBUG:colcon.colcon_core.event_handler.log_command:Invoked command in '/home/pb/Documents/R2/build/lunar_nav' returned '0': CMAKE_PREFIX_PATH=${CMAKE_PREFIX_PATH}:/opt/ros/humble /usr/bin/cmake --install /home/pb/Documents/R2/build/lunar_nav
[1.274s] Level 1:colcon.colcon_core.environment:checking '/home/pb/Documents/R2/install/lunar_nav' for CMake config files
[1.275s] Level 1:colcon.colcon_core.shell:create_environment_hook('lunar_nav', 'cmake_prefix_path')
[1.275s] INFO:colcon.colcon_core.shell:Creating environment hook '/home/pb/Documents/R2/install/lunar_nav/share/lunar_nav/hook/cmake_prefix_path.ps1'
[1.276s] INFO:colcon.colcon_core.shell:Creating environment descriptor '/home/pb/Documents/R2/install/lunar_nav/share/lunar_nav/hook/cmake_prefix_path.dsv'
[1.277s] INFO:colcon.colcon_core.shell:Creating environment hook '/home/pb/Documents/R2/install/lunar_nav/share/lunar_nav/hook/cmake_prefix_path.sh'
[1.279s] Level 1:colcon.colcon_core.environment:checking '/home/pb/Documents/R2/install/lunar_nav/lib'
[1.280s] Level 1:colcon.colcon_core.shell:create_environment_hook('lunar_nav', 'ld_library_path_lib')
[1.280s] INFO:colcon.colcon_core.shell:Creating environment hook '/home/pb/Documents/R2/install/lunar_nav/share/lunar_nav/hook/ld_library_path_lib.ps1'
[1.281s] INFO:colcon.colcon_core.shell:Creating environment descriptor '/home/pb/Documents/R2/install/lunar_nav/share/lunar_nav/hook/ld_library_path_lib.dsv'
[1.282s] INFO:colcon.colcon_core.shell:Creating environment hook '/home/pb/Documents/R2/install/lunar_nav/share/lunar_nav/hook/ld_library_path_lib.sh'
[1.282s] Level 1:colcon.colcon_core.environment:checking '/home/pb/Documents/R2/install/lunar_nav/bin'
[1.282s] Level 1:colcon.colcon_core.environment:checking '/home/pb/Documents/R2/install/lunar_nav/lib/pkgconfig/lunar_nav.pc'
[1.283s] Level 1:colcon.colcon_core.environment:checking '/home/pb/Documents/R2/install/lunar_nav/lib/python3.10/site-packages'
[1.283s] Level 1:colcon.colcon_core.environment:checking '/home/pb/Documents/R2/install/lunar_nav/bin'
[1.284s] INFO:colcon.colcon_core.shell:Creating package script '/home/pb/Documents/R2/install/lunar_nav/share/lunar_nav/package.ps1'
[1.285s] INFO:colcon.colcon_core.shell:Creating package descriptor '/home/pb/Documents/R2/install/lunar_nav/share/lunar_nav/package.dsv'
[1.286s] INFO:colcon.colcon_core.shell:Creating package script '/home/pb/Documents/R2/install/lunar_nav/share/lunar_nav/package.sh'
[1.287s] INFO:colcon.colcon_core.shell:Creating package script '/home/pb/Documents/R2/install/lunar_nav/share/lunar_nav/package.bash'
[1.288s] INFO:colcon.colcon_core.shell:Creating package script '/home/pb/Documents/R2/install/lunar_nav/share/lunar_nav/package.zsh'
[1.288s] Level 1:colcon.colcon_core.environment:create_file_with_runtime_dependencies(/home/pb/Documents/R2/install/lunar_nav/share/colcon-core/packages/lunar_nav)
[1.289s] Level 1:colcon.colcon_core.environment:create_environment_scripts_only(lunar_nav)
[1.289s] Level 1:colcon.colcon_core.environment:checking '/home/pb/Documents/R2/install/lunar_nav' for CMake module files
[1.290s] Level 1:colcon.colcon_core.environment:checking '/home/pb/Documents/R2/install/lunar_nav' for CMake config files
[1.291s] Level 1:colcon.colcon_core.shell:create_environment_hook('lunar_nav', 'cmake_prefix_path')
[1.291s] INFO:colcon.colcon_core.shell:Creating environment hook '/home/pb/Documents/R2/install/lunar_nav/share/lunar_nav/hook/cmake_prefix_path.ps1'
[1.291s] INFO:colcon.colcon_core.shell:Creating environment descriptor '/home/pb/Documents/R2/install/lunar_nav/share/lunar_nav/hook/cmake_prefix_path.dsv'
[1.292s] INFO:colcon.colcon_core.shell:Creating environment hook '/home/pb/Documents/R2/install/lunar_nav/share/lunar_nav/hook/cmake_prefix_path.sh'
[1.292s] Level 1:colcon.colcon_core.environment:checking '/home/pb/Documents/R2/install/lunar_nav/lib'
[1.293s] Level 1:colcon.colcon_core.shell:create_environment_hook('lunar_nav', 'ld_library_path_lib')
[1.293s] INFO:colcon.colcon_core.shell:Creating environment hook '/home/pb/Documents/R2/install/lunar_nav/share/lunar_nav/hook/ld_library_path_lib.ps1'
[1.293s] INFO:colcon.colcon_core.shell:Creating environment descriptor '/home/pb/Documents/R2/install/lunar_nav/share/lunar_nav/hook/ld_library_path_lib.dsv'
[1.294s] INFO:colcon.colcon_core.shell:Creating environment hook '/home/pb/Documents/R2/install/lunar_nav/share/lunar_nav/hook/ld_library_path_lib.sh'
[1.294s] Level 1:colcon.colcon_core.environment:checking '/home/pb/Documents/R2/install/lunar_nav/bin'
[1.294s] Level 1:colcon.colcon_core.environment:checking '/home/pb/Documents/R2/install/lunar_nav/lib/pkgconfig/lunar_nav.pc'
[1.295s] Level 1:colcon.colcon_core.environment:checking '/home/pb/Documents/R2/install/lunar_nav/lib/python3.10/site-packages'
[1.295s] Level 1:colcon.colcon_core.environment:checking '/home/pb/Documents/R2/install/lunar_nav/bin'
[1.295s] INFO:colcon.colcon_core.shell:Creating package script '/home/pb/Documents/R2/install/lunar_nav/share/lunar_nav/package.ps1'
[1.296s] INFO:colcon.colcon_core.shell:Creating package descriptor '/home/pb/Documents/R2/install/lunar_nav/share/lunar_nav/package.dsv'
[1.297s] INFO:colcon.colcon_core.shell:Creating package script '/home/pb/Documents/R2/install/lunar_nav/share/lunar_nav/package.sh'
[1.297s] INFO:colcon.colcon_core.shell:Creating package script '/home/pb/Documents/R2/install/lunar_nav/share/lunar_nav/package.bash'
[1.298s] INFO:colcon.colcon_core.shell:Creating package script '/home/pb/Documents/R2/install/lunar_nav/share/lunar_nav/package.zsh'
[1.298s] Level 1:colcon.colcon_core.environment:create_file_with_runtime_dependencies(/home/pb/Documents/R2/install/lunar_nav/share/colcon-core/packages/lunar_nav)
[1.298s] DEBUG:colcon.colcon_parallel_executor.executor.parallel:closing loop
[1.298s] DEBUG:colcon.colcon_parallel_executor.executor.parallel:loop closed
[1.298s] DEBUG:colcon.colcon_parallel_executor.executor.parallel:run_until_complete finished with '0'
[1.298s] DEBUG:colcon.colcon_core.event_reactor:joining thread
[1.305s] INFO:colcon.colcon_core.plugin_system:Skipping extension 'colcon_notification.desktop_notification.terminal_notifier': Not used on non-Darwin systems
[1.305s] INFO:colcon.colcon_core.plugin_system:Skipping extension 'colcon_notification.desktop_notification.win32': Not used on non-Windows systems
[1.305s] INFO:colcon.colcon_notification.desktop_notification:Sending desktop notification using 'notify2'
[1.319s] DEBUG:colcon.colcon_core.event_reactor:joined thread
[1.319s] INFO:colcon.colcon_core.shell:Creating prefix script '/home/pb/Documents/R2/install/local_setup.ps1'
[1.320s] INFO:colcon.colcon_core.shell:Creating prefix util module '/home/pb/Documents/R2/install/_local_setup_util_ps1.py'
[1.322s] INFO:colcon.colcon_core.shell:Creating prefix chain script '/home/pb/Documents/R2/install/setup.ps1'
[1.323s] INFO:colcon.colcon_core.shell:Creating prefix script '/home/pb/Documents/R2/install/local_setup.sh'
[1.324s] INFO:colcon.colcon_core.shell:Creating prefix util module '/home/pb/Documents/R2/install/_local_setup_util_sh.py'
[1.325s] INFO:colcon.colcon_core.shell:Creating prefix chain script '/home/pb/Documents/R2/install/setup.sh'
[1.326s] INFO:colcon.colcon_core.shell:Creating prefix script '/home/pb/Documents/R2/install/local_setup.bash'
[1.327s] INFO:colcon.colcon_core.shell:Creating prefix chain script '/home/pb/Documents/R2/install/setup.bash'
[1.328s] INFO:colcon.colcon_core.shell:Creating prefix script '/home/pb/Documents/R2/install/local_setup.zsh'
[1.329s] INFO:colcon.colcon_core.shell:Creating prefix chain script '/home/pb/Documents/R2/install/setup.zsh'
