[0.008s] Invoking command in '/home/pb/Documents/R2/build/lunar_nav': CMAKE_PREFIX_PATH=/opt/ros/humble /usr/bin/cmake /home/pb/Documents/R2/src/lunar_nav -DCMAKE_INSTALL_PREFIX=/home/pb/Documents/R2/install/lunar_nav
[0.052s] -- The C compiler identification is GNU 11.4.0
[0.099s] -- The CXX compiler identification is GNU 11.4.0
[0.106s] -- Detecting C compiler ABI info
[0.162s] -- Detecting C compiler ABI info - done
[0.170s] -- Check for working C compiler: /usr/bin/cc - skipped
[0.170s] -- Detecting C compile features
[0.170s] -- Detecting C compile features - done
[0.173s] -- Detecting CXX compiler ABI info
[0.240s] -- Detecting CXX compiler ABI info - done
[0.247s] -- Check for working CXX compiler: /usr/bin/c++ - skipped
[0.247s] -- Detecting CXX compile features
[0.247s] -- Detecting CXX compile features - done
[0.249s] -- Found ament_cmake: 1.3.12 (/opt/ros/humble/share/ament_cmake/cmake)
[0.377s] -- Found Python3: /usr/bin/python3 (found version "3.10.12") found components: Interpreter 
[0.450s] -- Found rosidl_default_generators: 1.2.0 (/opt/ros/humble/share/rosidl_default_generators/cmake)
[0.452s] -- Using all available rosidl_typesupport_c: rosidl_typesupport_fastrtps_c;rosidl_typesupport_introspection_c
[0.457s] -- Found rosidl_adapter: 3.1.7 (/opt/ros/humble/share/rosidl_adapter/cmake)
[0.489s] -- Using all available rosidl_typesupport_cpp: rosidl_typesupport_fastrtps_cpp;rosidl_typesupport_introspection_cpp
[0.516s] -- Found std_msgs: 4.9.0 (/opt/ros/humble/share/std_msgs/cmake)
[0.539s] -- Found geometry_msgs: 4.9.0 (/opt/ros/humble/share/geometry_msgs/cmake)
[0.812s] -- Found ament_cmake_ros: 0.10.0 (/opt/ros/humble/share/ament_cmake_ros/cmake)
[1.041s] -- Using all available rosidl_typesupport_c: rosidl_typesupport_fastrtps_c;rosidl_typesupport_introspection_c
[1.339s] -- Using all available rosidl_typesupport_cpp: rosidl_typesupport_fastrtps_cpp;rosidl_typesupport_introspection_cpp
[1.359s] -- Found PythonInterp: /usr/bin/python3 (found suitable version "3.10.12", minimum required is "3.6") 
[1.360s] -- Found python_cmake_module: 0.10.0 (/opt/ros/humble/share/python_cmake_module/cmake)
[1.382s] -- Found PythonLibs: /usr/lib/x86_64-linux-gnu/libpython3.10.so (found suitable version "3.10.12", minimum required is "3.5") 
[1.382s] -- Using PYTHON_EXECUTABLE: /usr/bin/python3
[1.383s] -- Using PYTHON_INCLUDE_DIRS: /usr/include/python3.10
[1.383s] -- Using PYTHON_LIBRARIES: /usr/lib/x86_64-linux-gnu/libpython3.10.so
[1.396s] -- Found PythonExtra: .so  
[1.439s] [31mCMake Error at /opt/ros/humble/share/ament_cmake_python/cmake/ament_python_install_package.cmake:122 (add_custom_target):
[1.440s]   add_custom_target cannot create target "ament_cmake_python_copy_lunar_nav"
[1.440s]   because another target with the same name already exists.  The existing
[1.440s]   target is a custom target created in source directory
[1.440s]   "/home/pb/Documents/R2/src/lunar_nav".  See documentation for policy
[1.440s]   CMP0002 for more details.
[1.440s] Call Stack (most recent call first):
[1.440s]   /opt/ros/humble/share/ament_cmake_python/cmake/ament_python_install_package.cmake:39 (_ament_cmake_python_install_package)
[1.440s]   CMakeLists.txt:23 (ament_python_install_package)
[1.440s] 
[1.440s] [0m
[1.440s] [31mCMake Error at /opt/ros/humble/share/ament_cmake_python/cmake/ament_python_install_package.cmake:141 (add_custom_target):
[1.440s]   add_custom_target cannot create target
[1.440s]   "ament_cmake_python_build_lunar_nav_egg" because another target with the
[1.440s]   same name already exists.  The existing target is a custom target created
[1.440s]   in source directory "/home/pb/Documents/R2/src/lunar_nav".  See
[1.440s]   documentation for policy CMP0002 for more details.
[1.441s] Call Stack (most recent call first):
[1.441s]   /opt/ros/humble/share/ament_cmake_python/cmake/ament_python_install_package.cmake:39 (_ament_cmake_python_install_package)
[1.441s]   CMakeLists.txt:23 (ament_python_install_package)
[1.441s] 
[1.441s] [0m
[1.445s] -- Configuring incomplete, errors occurred!
[1.445s] See also "/home/pb/Documents/R2/build/lunar_nav/CMakeFiles/CMakeOutput.log".
[1.450s] Invoked command in '/home/pb/Documents/R2/build/lunar_nav' returned '1': CMAKE_PREFIX_PATH=/opt/ros/humble /usr/bin/cmake /home/pb/Documents/R2/src/lunar_nav -DCMAKE_INSTALL_PREFIX=/home/pb/Documents/R2/install/lunar_nav
