[0.010s] Invoking command in '/home/pb/Documents/R2/build/lunar_nav': CMAKE_PREFIX_PATH=/opt/ros/humble /usr/bin/cmake --build /home/pb/Documents/R2/build/lunar_nav -- -j20 -l20
[0.051s] [  7%] Built target lunar_nav__cpp
[0.051s] [ 12%] Built target lunar_nav__rosidl_generator_c
[0.058s] [ 12%] Built target ament_cmake_python_copy_lunar_nav
[0.069s] [ 23%] Built target lunar_nav__rosidl_typesupport_c
[0.069s] [ 33%] Built target lunar_nav__rosidl_typesupport_introspection_c
[0.070s] [ 43%] Built target lunar_nav__rosidl_typesupport_fastrtps_c
[0.075s] [ 53%] Built target lunar_nav__rosidl_typesupport_introspection_cpp
[0.077s] [ 64%] Built target lunar_nav__rosidl_typesupport_cpp
[0.078s] [ 74%] Built target lunar_nav__rosidl_typesupport_fastrtps_cpp
[0.095s] [ 74%] Built target lunar_nav
[0.112s] [ 76%] Built target lunar_nav__py
[0.130s] [ 84%] Built target lunar_nav__rosidl_generator_py
[0.149s] [100%] Built target lunar_nav__rosidl_typesupport_c__pyext
[0.149s] [100%] Built target lunar_nav__rosidl_typesupport_fastrtps_c__pyext
[0.149s] [100%] Built target lunar_nav__rosidl_typesupport_introspection_c__pyext
[0.196s] running egg_info
[0.196s] writing lunar_nav.egg-info/PKG-INFO
[0.196s] writing dependency_links to lunar_nav.egg-info/dependency_links.txt
[0.197s] writing top-level names to lunar_nav.egg-info/top_level.txt
[0.198s] reading manifest file 'lunar_nav.egg-info/SOURCES.txt'
[0.198s] writing manifest file 'lunar_nav.egg-info/SOURCES.txt'
[0.216s] [100%] Built target ament_cmake_python_build_lunar_nav_egg
[0.226s] Invoked command in '/home/pb/Documents/R2/build/lunar_nav' returned '0': CMAKE_PREFIX_PATH=/opt/ros/humble /usr/bin/cmake --build /home/pb/Documents/R2/build/lunar_nav -- -j20 -l20
[0.233s] Invoking command in '/home/pb/Documents/R2/build/lunar_nav': CMAKE_PREFIX_PATH=/opt/ros/humble /usr/bin/cmake --install /home/pb/Documents/R2/build/lunar_nav
[0.241s] -- Install configuration: ""
[0.241s] -- Up-to-date: /home/pb/Documents/R2/install/lunar_nav/local/lib/python3.10/dist-packages/lunar_nav
[0.241s] -- Up-to-date: /home/pb/Documents/R2/install/lunar_nav/local/lib/python3.10/dist-packages/lunar_nav/navigator.py
[0.241s] -- Up-to-date: /home/pb/Documents/R2/install/lunar_nav/local/lib/python3.10/dist-packages/lunar_nav/particle_filter.py
[0.241s] -- Up-to-date: /home/pb/Documents/R2/install/lunar_nav/local/lib/python3.10/dist-packages/lunar_nav/crater_detector.py
[0.241s] -- Up-to-date: /home/pb/Documents/R2/install/lunar_nav/local/lib/python3.10/dist-packages/lunar_nav/teleop_keyboard.py
[0.241s] -- Up-to-date: /home/pb/Documents/R2/install/lunar_nav/lib/lunar_nav/crater_detector
[0.242s] -- Up-to-date: /home/pb/Documents/R2/install/lunar_nav/lib/lunar_nav/particle_filter
[0.242s] -- Up-to-date: /home/pb/Documents/R2/install/lunar_nav/lib/lunar_nav/teleop_keyboard
[0.242s] -- Up-to-date: /home/pb/Documents/R2/install/lunar_nav/lib/lunar_nav/navigator
[0.242s] -- Up-to-date: /home/pb/Documents/R2/install/lunar_nav/share/ament_index/resource_index/rosidl_interfaces/lunar_nav
[0.242s] -- Up-to-date: /home/pb/Documents/R2/install/lunar_nav/include/lunar_nav/lunar_nav
[0.242s] -- Up-to-date: /home/pb/Documents/R2/install/lunar_nav/include/lunar_nav/lunar_nav/msg
[0.242s] -- Up-to-date: /home/pb/Documents/R2/install/lunar_nav/include/lunar_nav/lunar_nav/msg/detail
[0.242s] -- Up-to-date: /home/pb/Documents/R2/install/lunar_nav/include/lunar_nav/lunar_nav/msg/detail/crater__functions.c
[0.242s] -- Up-to-date: /home/pb/Documents/R2/install/lunar_nav/include/lunar_nav/lunar_nav/msg/detail/crater_array__struct.h
[0.242s] -- Up-to-date: /home/pb/Documents/R2/install/lunar_nav/include/lunar_nav/lunar_nav/msg/detail/crater__functions.h
[0.242s] -- Up-to-date: /home/pb/Documents/R2/install/lunar_nav/include/lunar_nav/lunar_nav/msg/detail/crater__struct.h
[0.242s] -- Up-to-date: /home/pb/Documents/R2/install/lunar_nav/include/lunar_nav/lunar_nav/msg/detail/crater_array__type_support.h
[0.242s] -- Up-to-date: /home/pb/Documents/R2/install/lunar_nav/include/lunar_nav/lunar_nav/msg/detail/crater__type_support.h
[0.243s] -- Up-to-date: /home/pb/Documents/R2/install/lunar_nav/include/lunar_nav/lunar_nav/msg/detail/crater_array__functions.h
[0.243s] -- Up-to-date: /home/pb/Documents/R2/install/lunar_nav/include/lunar_nav/lunar_nav/msg/detail/crater_array__functions.c
[0.243s] -- Up-to-date: /home/pb/Documents/R2/install/lunar_nav/include/lunar_nav/lunar_nav/msg/rosidl_generator_c__visibility_control.h
[0.243s] -- Up-to-date: /home/pb/Documents/R2/install/lunar_nav/include/lunar_nav/lunar_nav/msg/crater_array.h
[0.243s] -- Up-to-date: /home/pb/Documents/R2/install/lunar_nav/include/lunar_nav/lunar_nav/msg/crater.h
[0.243s] -- Up-to-date: /home/pb/Documents/R2/install/lunar_nav/share/lunar_nav/environment/library_path.sh
[0.243s] -- Up-to-date: /home/pb/Documents/R2/install/lunar_nav/share/lunar_nav/environment/library_path.dsv
[0.243s] -- Up-to-date: /home/pb/Documents/R2/install/lunar_nav/lib/liblunar_nav__rosidl_generator_c.so
[0.243s] -- Up-to-date: /home/pb/Documents/R2/install/lunar_nav/include/lunar_nav/lunar_nav
[0.243s] -- Up-to-date: /home/pb/Documents/R2/install/lunar_nav/include/lunar_nav/lunar_nav/msg
[0.243s] -- Up-to-date: /home/pb/Documents/R2/install/lunar_nav/include/lunar_nav/lunar_nav/msg/detail
[0.243s] -- Up-to-date: /home/pb/Documents/R2/install/lunar_nav/include/lunar_nav/lunar_nav/msg/detail/crater__rosidl_typesupport_fastrtps_c.h
[0.244s] -- Up-to-date: /home/pb/Documents/R2/install/lunar_nav/include/lunar_nav/lunar_nav/msg/detail/crater_array__rosidl_typesupport_fastrtps_c.h
[0.244s] -- Up-to-date: /home/pb/Documents/R2/install/lunar_nav/include/lunar_nav/lunar_nav/msg/rosidl_typesupport_fastrtps_c__visibility_control.h
[0.244s] -- Up-to-date: /home/pb/Documents/R2/install/lunar_nav/lib/liblunar_nav__rosidl_typesupport_fastrtps_c.so
[0.244s] -- Up-to-date: /home/pb/Documents/R2/install/lunar_nav/include/lunar_nav/lunar_nav
[0.244s] -- Up-to-date: /home/pb/Documents/R2/install/lunar_nav/include/lunar_nav/lunar_nav/msg
[0.244s] -- Up-to-date: /home/pb/Documents/R2/install/lunar_nav/include/lunar_nav/lunar_nav/msg/detail
[0.244s] -- Up-to-date: /home/pb/Documents/R2/install/lunar_nav/include/lunar_nav/lunar_nav/msg/detail/crater__rosidl_typesupport_introspection_c.h
[0.244s] -- Up-to-date: /home/pb/Documents/R2/install/lunar_nav/include/lunar_nav/lunar_nav/msg/detail/crater_array__type_support.c
[0.244s] -- Up-to-date: /home/pb/Documents/R2/install/lunar_nav/include/lunar_nav/lunar_nav/msg/detail/crater_array__rosidl_typesupport_introspection_c.h
[0.244s] -- Up-to-date: /home/pb/Documents/R2/install/lunar_nav/include/lunar_nav/lunar_nav/msg/detail/crater__type_support.c
[0.244s] -- Up-to-date: /home/pb/Documents/R2/install/lunar_nav/include/lunar_nav/lunar_nav/msg/rosidl_typesupport_introspection_c__visibility_control.h
[0.244s] -- Up-to-date: /home/pb/Documents/R2/install/lunar_nav/lib/liblunar_nav__rosidl_typesupport_introspection_c.so
[0.244s] -- Up-to-date: /home/pb/Documents/R2/install/lunar_nav/lib/liblunar_nav__rosidl_typesupport_c.so
[0.245s] -- Up-to-date: /home/pb/Documents/R2/install/lunar_nav/include/lunar_nav/lunar_nav
[0.245s] -- Up-to-date: /home/pb/Documents/R2/install/lunar_nav/include/lunar_nav/lunar_nav/msg
[0.245s] -- Up-to-date: /home/pb/Documents/R2/install/lunar_nav/include/lunar_nav/lunar_nav/msg/crater_array.hpp
[0.245s] -- Up-to-date: /home/pb/Documents/R2/install/lunar_nav/include/lunar_nav/lunar_nav/msg/detail
[0.245s] -- Up-to-date: /home/pb/Documents/R2/install/lunar_nav/include/lunar_nav/lunar_nav/msg/detail/crater__traits.hpp
[0.245s] -- Up-to-date: /home/pb/Documents/R2/install/lunar_nav/include/lunar_nav/lunar_nav/msg/detail/crater__type_support.hpp
[0.245s] -- Up-to-date: /home/pb/Documents/R2/install/lunar_nav/include/lunar_nav/lunar_nav/msg/detail/crater__struct.hpp
[0.245s] -- Up-to-date: /home/pb/Documents/R2/install/lunar_nav/include/lunar_nav/lunar_nav/msg/detail/crater_array__traits.hpp
[0.245s] -- Up-to-date: /home/pb/Documents/R2/install/lunar_nav/include/lunar_nav/lunar_nav/msg/detail/crater_array__struct.hpp
[0.245s] -- Up-to-date: /home/pb/Documents/R2/install/lunar_nav/include/lunar_nav/lunar_nav/msg/detail/crater_array__builder.hpp
[0.245s] -- Up-to-date: /home/pb/Documents/R2/install/lunar_nav/include/lunar_nav/lunar_nav/msg/detail/crater__builder.hpp
[0.245s] -- Up-to-date: /home/pb/Documents/R2/install/lunar_nav/include/lunar_nav/lunar_nav/msg/detail/crater_array__type_support.hpp
[0.245s] -- Up-to-date: /home/pb/Documents/R2/install/lunar_nav/include/lunar_nav/lunar_nav/msg/crater.hpp
[0.246s] -- Up-to-date: /home/pb/Documents/R2/install/lunar_nav/include/lunar_nav/lunar_nav/msg/rosidl_generator_cpp__visibility_control.hpp
[0.246s] -- Up-to-date: /home/pb/Documents/R2/install/lunar_nav/include/lunar_nav/lunar_nav
[0.246s] -- Up-to-date: /home/pb/Documents/R2/install/lunar_nav/include/lunar_nav/lunar_nav/msg
[0.246s] -- Up-to-date: /home/pb/Documents/R2/install/lunar_nav/include/lunar_nav/lunar_nav/msg/detail
[0.246s] -- Up-to-date: /home/pb/Documents/R2/install/lunar_nav/include/lunar_nav/lunar_nav/msg/detail/crater_array__rosidl_typesupport_fastrtps_cpp.hpp
[0.246s] -- Up-to-date: /home/pb/Documents/R2/install/lunar_nav/include/lunar_nav/lunar_nav/msg/detail/crater__rosidl_typesupport_fastrtps_cpp.hpp
[0.246s] -- Up-to-date: /home/pb/Documents/R2/install/lunar_nav/include/lunar_nav/lunar_nav/msg/detail/dds_fastrtps
[0.246s] -- Up-to-date: /home/pb/Documents/R2/install/lunar_nav/include/lunar_nav/lunar_nav/msg/rosidl_typesupport_fastrtps_cpp__visibility_control.h
[0.246s] -- Up-to-date: /home/pb/Documents/R2/install/lunar_nav/lib/liblunar_nav__rosidl_typesupport_fastrtps_cpp.so
[0.246s] -- Up-to-date: /home/pb/Documents/R2/install/lunar_nav/include/lunar_nav/lunar_nav
[0.246s] -- Up-to-date: /home/pb/Documents/R2/install/lunar_nav/include/lunar_nav/lunar_nav/msg
[0.246s] -- Up-to-date: /home/pb/Documents/R2/install/lunar_nav/include/lunar_nav/lunar_nav/msg/detail
[0.246s] -- Up-to-date: /home/pb/Documents/R2/install/lunar_nav/include/lunar_nav/lunar_nav/msg/detail/crater__type_support.cpp
[0.246s] -- Up-to-date: /home/pb/Documents/R2/install/lunar_nav/include/lunar_nav/lunar_nav/msg/detail/crater_array__rosidl_typesupport_introspection_cpp.hpp
[0.246s] -- Up-to-date: /home/pb/Documents/R2/install/lunar_nav/include/lunar_nav/lunar_nav/msg/detail/crater_array__type_support.cpp
[0.247s] -- Up-to-date: /home/pb/Documents/R2/install/lunar_nav/include/lunar_nav/lunar_nav/msg/detail/crater__rosidl_typesupport_introspection_cpp.hpp
[0.247s] -- Up-to-date: /home/pb/Documents/R2/install/lunar_nav/lib/liblunar_nav__rosidl_typesupport_introspection_cpp.so
[0.247s] -- Up-to-date: /home/pb/Documents/R2/install/lunar_nav/lib/liblunar_nav__rosidl_typesupport_cpp.so
[0.247s] -- Up-to-date: /home/pb/Documents/R2/install/lunar_nav/share/lunar_nav/environment/pythonpath.sh
[0.247s] -- Up-to-date: /home/pb/Documents/R2/install/lunar_nav/share/lunar_nav/environment/pythonpath.dsv
[0.247s] -- Up-to-date: /home/pb/Documents/R2/install/lunar_nav/local/lib/python3.10/dist-packages/lunar_nav-0.0.0-py3.10.egg-info
[0.247s] -- Installing: /home/pb/Documents/R2/install/lunar_nav/local/lib/python3.10/dist-packages/lunar_nav-0.0.0-py3.10.egg-info/dependency_links.txt
[0.247s] -- Installing: /home/pb/Documents/R2/install/lunar_nav/local/lib/python3.10/dist-packages/lunar_nav-0.0.0-py3.10.egg-info/top_level.txt
[0.247s] -- Installing: /home/pb/Documents/R2/install/lunar_nav/local/lib/python3.10/dist-packages/lunar_nav-0.0.0-py3.10.egg-info/PKG-INFO
[0.247s] -- Installing: /home/pb/Documents/R2/install/lunar_nav/local/lib/python3.10/dist-packages/lunar_nav-0.0.0-py3.10.egg-info/SOURCES.txt
[0.247s] -- Up-to-date: /home/pb/Documents/R2/install/lunar_nav/local/lib/python3.10/dist-packages/lunar_nav
[0.247s] -- Up-to-date: /home/pb/Documents/R2/install/lunar_nav/local/lib/python3.10/dist-packages/lunar_nav/lunar_nav_s__rosidl_typesupport_fastrtps_c.cpython-310-x86_64-linux-gnu.so
[0.247s] -- Up-to-date: /home/pb/Documents/R2/install/lunar_nav/local/lib/python3.10/dist-packages/lunar_nav/_lunar_nav_s.ep.rosidl_typesupport_introspection_c.c
[0.247s] -- Up-to-date: /home/pb/Documents/R2/install/lunar_nav/local/lib/python3.10/dist-packages/lunar_nav/_lunar_nav_s.ep.rosidl_typesupport_fastrtps_c.c
[0.248s] -- Up-to-date: /home/pb/Documents/R2/install/lunar_nav/local/lib/python3.10/dist-packages/lunar_nav/__init__.py
[0.248s] -- Up-to-date: /home/pb/Documents/R2/install/lunar_nav/local/lib/python3.10/dist-packages/lunar_nav/lunar_nav_s__rosidl_typesupport_introspection_c.cpython-310-x86_64-linux-gnu.so
[0.248s] -- Up-to-date: /home/pb/Documents/R2/install/lunar_nav/local/lib/python3.10/dist-packages/lunar_nav/msg
[0.248s] -- Up-to-date: /home/pb/Documents/R2/install/lunar_nav/local/lib/python3.10/dist-packages/lunar_nav/msg/__init__.py
[0.248s] -- Up-to-date: /home/pb/Documents/R2/install/lunar_nav/local/lib/python3.10/dist-packages/lunar_nav/msg/_crater_array_s.c
[0.248s] -- Up-to-date: /home/pb/Documents/R2/install/lunar_nav/local/lib/python3.10/dist-packages/lunar_nav/msg/_crater_s.c
[0.248s] -- Up-to-date: /home/pb/Documents/R2/install/lunar_nav/local/lib/python3.10/dist-packages/lunar_nav/msg/_crater.py
[0.248s] -- Up-to-date: /home/pb/Documents/R2/install/lunar_nav/local/lib/python3.10/dist-packages/lunar_nav/msg/_crater_array.py
[0.248s] -- Up-to-date: /home/pb/Documents/R2/install/lunar_nav/local/lib/python3.10/dist-packages/lunar_nav/_lunar_nav_s.ep.rosidl_typesupport_c.c
[0.248s] -- Up-to-date: /home/pb/Documents/R2/install/lunar_nav/local/lib/python3.10/dist-packages/lunar_nav/liblunar_nav__rosidl_generator_py.so
[0.248s] -- Up-to-date: /home/pb/Documents/R2/install/lunar_nav/local/lib/python3.10/dist-packages/lunar_nav/lunar_nav_s__rosidl_typesupport_c.cpython-310-x86_64-linux-gnu.so
[0.275s] Listing '/home/pb/Documents/R2/install/lunar_nav/local/lib/python3.10/dist-packages/lunar_nav'...
[0.275s] Listing '/home/pb/Documents/R2/install/lunar_nav/local/lib/python3.10/dist-packages/lunar_nav/msg'...
[0.279s] -- Up-to-date: /home/pb/Documents/R2/install/lunar_nav/local/lib/python3.10/dist-packages/lunar_nav/lunar_nav_s__rosidl_typesupport_fastrtps_c.cpython-310-x86_64-linux-gnu.so
[0.279s] -- Up-to-date: /home/pb/Documents/R2/install/lunar_nav/local/lib/python3.10/dist-packages/lunar_nav/lunar_nav_s__rosidl_typesupport_introspection_c.cpython-310-x86_64-linux-gnu.so
[0.279s] -- Up-to-date: /home/pb/Documents/R2/install/lunar_nav/local/lib/python3.10/dist-packages/lunar_nav/lunar_nav_s__rosidl_typesupport_c.cpython-310-x86_64-linux-gnu.so
[0.279s] -- Up-to-date: /home/pb/Documents/R2/install/lunar_nav/lib/liblunar_nav__rosidl_generator_py.so
[0.279s] -- Up-to-date: /home/pb/Documents/R2/install/lunar_nav/share/lunar_nav/msg/Crater.idl
[0.280s] -- Up-to-date: /home/pb/Documents/R2/install/lunar_nav/share/lunar_nav/msg/CraterArray.idl
[0.280s] -- Up-to-date: /home/pb/Documents/R2/install/lunar_nav/share/lunar_nav/msg/Crater.msg
[0.280s] -- Up-to-date: /home/pb/Documents/R2/install/lunar_nav/share/lunar_nav/msg/CraterArray.msg
[0.280s] -- Up-to-date: /home/pb/Documents/R2/install/lunar_nav/share/lunar_nav//launch
[0.280s] -- Up-to-date: /home/pb/Documents/R2/install/lunar_nav/share/lunar_nav//launch/crater_navigation.launch.py
[0.280s] -- Up-to-date: /home/pb/Documents/R2/install/lunar_nav/share/lunar_nav//urdf
[0.280s] -- Up-to-date: /home/pb/Documents/R2/install/lunar_nav/share/lunar_nav//urdf/rover.urdf.xacro
[0.280s] -- Up-to-date: /home/pb/Documents/R2/install/lunar_nav/share/lunar_nav//worlds
[0.280s] -- Up-to-date: /home/pb/Documents/R2/install/lunar_nav/share/lunar_nav//worlds/lunar_crater.world
[0.280s] -- Up-to-date: /home/pb/Documents/R2/install/lunar_nav/share/lunar_nav//worlds/lunar_heightmap.png
[0.280s] -- Up-to-date: /home/pb/Documents/R2/install/lunar_nav/share/ament_index/resource_index/package_run_dependencies/lunar_nav
[0.281s] -- Up-to-date: /home/pb/Documents/R2/install/lunar_nav/share/ament_index/resource_index/parent_prefix_path/lunar_nav
[0.281s] -- Up-to-date: /home/pb/Documents/R2/install/lunar_nav/share/lunar_nav/environment/ament_prefix_path.sh
[0.281s] -- Up-to-date: /home/pb/Documents/R2/install/lunar_nav/share/lunar_nav/environment/ament_prefix_path.dsv
[0.281s] -- Up-to-date: /home/pb/Documents/R2/install/lunar_nav/share/lunar_nav/environment/path.sh
[0.281s] -- Up-to-date: /home/pb/Documents/R2/install/lunar_nav/share/lunar_nav/environment/path.dsv
[0.281s] -- Up-to-date: /home/pb/Documents/R2/install/lunar_nav/share/lunar_nav/local_setup.bash
[0.281s] -- Up-to-date: /home/pb/Documents/R2/install/lunar_nav/share/lunar_nav/local_setup.sh
[0.281s] -- Up-to-date: /home/pb/Documents/R2/install/lunar_nav/share/lunar_nav/local_setup.zsh
[0.281s] -- Up-to-date: /home/pb/Documents/R2/install/lunar_nav/share/lunar_nav/local_setup.dsv
[0.281s] -- Installing: /home/pb/Documents/R2/install/lunar_nav/share/lunar_nav/package.dsv
[0.281s] -- Up-to-date: /home/pb/Documents/R2/install/lunar_nav/share/ament_index/resource_index/packages/lunar_nav
[0.281s] -- Up-to-date: /home/pb/Documents/R2/install/lunar_nav/share/lunar_nav/cmake/export_lunar_nav__rosidl_generator_cExport.cmake
[0.282s] -- Up-to-date: /home/pb/Documents/R2/install/lunar_nav/share/lunar_nav/cmake/export_lunar_nav__rosidl_generator_cExport-noconfig.cmake
[0.282s] -- Up-to-date: /home/pb/Documents/R2/install/lunar_nav/share/lunar_nav/cmake/export_lunar_nav__rosidl_typesupport_fastrtps_cExport.cmake
[0.282s] -- Up-to-date: /home/pb/Documents/R2/install/lunar_nav/share/lunar_nav/cmake/export_lunar_nav__rosidl_typesupport_fastrtps_cExport-noconfig.cmake
[0.282s] -- Up-to-date: /home/pb/Documents/R2/install/lunar_nav/share/lunar_nav/cmake/lunar_nav__rosidl_typesupport_introspection_cExport.cmake
[0.282s] -- Up-to-date: /home/pb/Documents/R2/install/lunar_nav/share/lunar_nav/cmake/lunar_nav__rosidl_typesupport_introspection_cExport-noconfig.cmake
[0.282s] -- Up-to-date: /home/pb/Documents/R2/install/lunar_nav/share/lunar_nav/cmake/lunar_nav__rosidl_typesupport_cExport.cmake
[0.282s] -- Up-to-date: /home/pb/Documents/R2/install/lunar_nav/share/lunar_nav/cmake/lunar_nav__rosidl_typesupport_cExport-noconfig.cmake
[0.282s] -- Up-to-date: /home/pb/Documents/R2/install/lunar_nav/share/lunar_nav/cmake/export_lunar_nav__rosidl_generator_cppExport.cmake
[0.282s] -- Up-to-date: /home/pb/Documents/R2/install/lunar_nav/share/lunar_nav/cmake/export_lunar_nav__rosidl_typesupport_fastrtps_cppExport.cmake
[0.282s] -- Up-to-date: /home/pb/Documents/R2/install/lunar_nav/share/lunar_nav/cmake/export_lunar_nav__rosidl_typesupport_fastrtps_cppExport-noconfig.cmake
[0.282s] -- Up-to-date: /home/pb/Documents/R2/install/lunar_nav/share/lunar_nav/cmake/lunar_nav__rosidl_typesupport_introspection_cppExport.cmake
[0.282s] -- Up-to-date: /home/pb/Documents/R2/install/lunar_nav/share/lunar_nav/cmake/lunar_nav__rosidl_typesupport_introspection_cppExport-noconfig.cmake
[0.282s] -- Up-to-date: /home/pb/Documents/R2/install/lunar_nav/share/lunar_nav/cmake/lunar_nav__rosidl_typesupport_cppExport.cmake
[0.282s] -- Up-to-date: /home/pb/Documents/R2/install/lunar_nav/share/lunar_nav/cmake/lunar_nav__rosidl_typesupport_cppExport-noconfig.cmake
[0.283s] -- Up-to-date: /home/pb/Documents/R2/install/lunar_nav/share/lunar_nav/cmake/export_lunar_nav__rosidl_generator_pyExport.cmake
[0.283s] -- Up-to-date: /home/pb/Documents/R2/install/lunar_nav/share/lunar_nav/cmake/export_lunar_nav__rosidl_generator_pyExport-noconfig.cmake
[0.283s] -- Up-to-date: /home/pb/Documents/R2/install/lunar_nav/share/lunar_nav/cmake/rosidl_cmake-extras.cmake
[0.283s] -- Up-to-date: /home/pb/Documents/R2/install/lunar_nav/share/lunar_nav/cmake/ament_cmake_export_dependencies-extras.cmake
[0.283s] -- Up-to-date: /home/pb/Documents/R2/install/lunar_nav/share/lunar_nav/cmake/ament_cmake_export_include_directories-extras.cmake
[0.283s] -- Up-to-date: /home/pb/Documents/R2/install/lunar_nav/share/lunar_nav/cmake/ament_cmake_export_libraries-extras.cmake
[0.283s] -- Up-to-date: /home/pb/Documents/R2/install/lunar_nav/share/lunar_nav/cmake/ament_cmake_export_targets-extras.cmake
[0.283s] -- Up-to-date: /home/pb/Documents/R2/install/lunar_nav/share/lunar_nav/cmake/rosidl_cmake_export_typesupport_targets-extras.cmake
[0.283s] -- Up-to-date: /home/pb/Documents/R2/install/lunar_nav/share/lunar_nav/cmake/rosidl_cmake_export_typesupport_libraries-extras.cmake
[0.284s] -- Up-to-date: /home/pb/Documents/R2/install/lunar_nav/share/lunar_nav/cmake/lunar_navConfig.cmake
[0.284s] -- Up-to-date: /home/pb/Documents/R2/install/lunar_nav/share/lunar_nav/cmake/lunar_navConfig-version.cmake
[0.284s] -- Up-to-date: /home/pb/Documents/R2/install/lunar_nav/share/lunar_nav/package.xml
[0.284s] Invoked command in '/home/pb/Documents/R2/build/lunar_nav' returned '0': CMAKE_PREFIX_PATH=/opt/ros/humble /usr/bin/cmake --install /home/pb/Documents/R2/build/lunar_nav
